#! /c/Source/iverilog-install/bin/vvp
:ivl_version "12.0 (devel)" "(s20150603-1539-g2693dd32b)";
:ivl_delay_selection "TYPICAL";
:vpi_time_precision + 0;
:vpi_module "C:\iverilog\lib\ivl\system.vpi";
:vpi_module "C:\iverilog\lib\ivl\vhdl_sys.vpi";
:vpi_module "C:\iverilog\lib\ivl\vhdl_textio.vpi";
:vpi_module "C:\iverilog\lib\ivl\v2005_math.vpi";
:vpi_module "C:\iverilog\lib\ivl\va_math.vpi";
S_0000019d90d4bdf0 .scope module, "sigmoid5slices" "sigmoid5slices" 2 1;
 .timescale 0 0;
    .port_info 0 /INPUT 1 "clk";
    .port_info 1 /INPUT 1 "rst_n";
    .port_info 2 /INPUT 16 "x0_in";
    .port_info 3 /INPUT 16 "x1_in";
    .port_info 4 /INPUT 1 "valid_in";
    .port_info 5 /OUTPUT 16 "y0_out";
    .port_info 6 /OUTPUT 16 "y1_out";
    .port_info 7 /OUTPUT 1 "valid_out";
P_0000019d90ba2af0 .param/l "BP_N2" 1 2 23, +C4<1111000000000000>;
P_0000019d90ba2b28 .param/l "BP_N4" 1 2 22, +C4<1110000000000000>;
P_0000019d90ba2b60 .param/l "BP_N6" 1 2 21, +C4<1101000000000000>;
P_0000019d90ba2b98 .param/l "BP_P2" 1 2 24, +C4<0001000000000000>;
P_0000019d90ba2bd0 .param/l "BP_P4" 1 2 25, +C4<0010000000000000>;
P_0000019d90ba2c08 .param/l "BP_P6" 1 2 26, +C4<0011000000000000>;
P_0000019d90ba2c40 .param/l "C_SEG1" 1 2 34, +C4<0000000100011110>;
P_0000019d90ba2c78 .param/l "C_SEG2" 1 2 35, +C4<0000001001001000>;
P_0000019d90ba2cb0 .param/l "C_SEG3" 1 2 36, +C4<0000010000000000>;
P_0000019d90ba2ce8 .param/l "C_SEG4" 1 2 37, +C4<0000010110111000>;
P_0000019d90ba2d20 .param/l "C_SEG5" 1 2 38, +C4<0000011011100010>;
P_0000019d90ba2d58 .param/l "M_INNER" 1 2 31, +C4<0000000110000110>;
P_0000019d90ba2d90 .param/l "M_MID" 1 2 30, +C4<0000000011111010>;
P_0000019d90ba2dc8 .param/l "M_OUTER" 1 2 29, +C4<0000000000111100>;
P_0000019d90ba2e00 .param/l "SAT_HIGH" 1 2 42, +C4<0000011111111011>;
P_0000019d90ba2e38 .param/l "SAT_LOW" 1 2 41, +C4<0000000000000101>;
o0000019d90beef68 .functor BUFZ 1, C4<z>; HiZ drive
v0000019d90ba3170_0 .net "clk", 0 0, o0000019d90beef68;  0 drivers
v0000019d90ba3390_0 .var/s "mult_res0", 31 0;
v0000019d90ba2e80_0 .var/s "mult_res1", 31 0;
o0000019d90beeff8 .functor BUFZ 1, C4<z>; HiZ drive
v0000019d90bd4b40_0 .net "rst_n", 0 0, o0000019d90beeff8;  0 drivers
v0000019d90bd4be0_0 .var/s "s1_c0", 15 0;
v0000019d90c3d440_0 .var/s "s1_c1", 15 0;
v0000019d90c3d4e0_0 .var/s "s1_m0", 15 0;
v0000019d90c3d580_0 .var/s "s1_m1", 15 0;
v0000019d90c3d620_0 .var "s1_sat_high0", 0 0;
v0000019d90c3d6c0_0 .var "s1_sat_high1", 0 0;
v0000019d90c3d760_0 .var "s1_sat_low0", 0 0;
v0000019d90c3d800_0 .var "s1_sat_low1", 0 0;
v0000019d90c3d8a0_0 .var "s1_valid", 0 0;
v0000019d90c3d940_0 .var/s "s1_x0", 15 0;
v0000019d90c3d9e0_0 .var/s "s1_x1", 15 0;
v0000019d90c3e390_0 .var "s2_sat_high0", 0 0;
v0000019d90c3e6b0_0 .var "s2_sat_high1", 0 0;
v0000019d90c3dfd0_0 .var "s2_sat_low0", 0 0;
v0000019d90c3e110_0 .var "s2_sat_low1", 0 0;
v0000019d90c3e570_0 .var "s2_valid", 0 0;
v0000019d90c3dad0_0 .var/s "s2_y0", 15 0;
v0000019d90c3e250_0 .var/s "s2_y1", 15 0;
o0000019d90bef388 .functor BUFZ 1, C4<z>; HiZ drive
v0000019d90c3e890_0 .net "valid_in", 0 0, o0000019d90bef388;  0 drivers
v0000019d90c3e7f0_0 .var "valid_out", 0 0;
o0000019d90bef3e8 .functor BUFZ 16, C4<zzzzzzzzzzzzzzzz>; HiZ drive
v0000019d90c3e070_0 .net/s "x0_in", 15 0, o0000019d90bef3e8;  0 drivers
o0000019d90bef418 .functor BUFZ 16, C4<zzzzzzzzzzzzzzzz>; HiZ drive
v0000019d90c3de90_0 .net/s "x1_in", 15 0, o0000019d90bef418;  0 drivers
v0000019d90c3e2f0_0 .var/s "y0_out", 15 0;
v0000019d90c3db70_0 .var/s "y1_out", 15 0;
E_0000019d90bcd6c0/0 .event negedge, v0000019d90bd4b40_0;
E_0000019d90bcd6c0/1 .event posedge, v0000019d90ba3170_0;
E_0000019d90bcd6c0 .event/or E_0000019d90bcd6c0/0, E_0000019d90bcd6c0/1;
    .scope S_0000019d90d4bdf0;
T_0 ;
    %wait E_0000019d90bcd6c0;
    %load/vec4 v0000019d90bd4b40_0;
    %nor/r;
    %flag_set/vec4 8;
    %jmp/0xz  T_0.0, 8;
    %pushi/vec4 0, 0, 1;
    %assign/vec4 v0000019d90c3d8a0_0, 0;
    %pushi/vec4 0, 0, 16;
    %assign/vec4 v0000019d90c3d940_0, 0;
    %pushi/vec4 0, 0, 16;
    %assign/vec4 v0000019d90c3d9e0_0, 0;
    %pushi/vec4 0, 0, 16;
    %assign/vec4 v0000019d90c3d4e0_0, 0;
    %pushi/vec4 0, 0, 16;
    %assign/vec4 v0000019d90bd4be0_0, 0;
    %pushi/vec4 0, 0, 1;
    %assign/vec4 v0000019d90c3d760_0, 0;
    %pushi/vec4 0, 0, 1;
    %assign/vec4 v0000019d90c3d620_0, 0;
    %pushi/vec4 0, 0, 16;
    %assign/vec4 v0000019d90c3d580_0, 0;
    %pushi/vec4 0, 0, 16;
    %assign/vec4 v0000019d90c3d440_0, 0;
    %pushi/vec4 0, 0, 1;
    %assign/vec4 v0000019d90c3d800_0, 0;
    %pushi/vec4 0, 0, 1;
    %assign/vec4 v0000019d90c3d6c0_0, 0;
    %jmp T_0.1;
T_0.0 ;
    %load/vec4 v0000019d90c3e890_0;
    %assign/vec4 v0000019d90c3d8a0_0, 0;
    %load/vec4 v0000019d90c3e070_0;
    %assign/vec4 v0000019d90c3d940_0, 0;
    %load/vec4 v0000019d90c3de90_0;
    %assign/vec4 v0000019d90c3d9e0_0, 0;
    %load/vec4 v0000019d90c3e070_0;
    %cmpi/s 53248, 0, 16;
    %jmp/0xz  T_0.2, 5;
    %pushi/vec4 1, 0, 1;
    %assign/vec4 v0000019d90c3d760_0, 0;
    %pushi/vec4 0, 0, 1;
    %assign/vec4 v0000019d90c3d620_0, 0;
    %pushi/vec4 0, 0, 16;
    %assign/vec4 v0000019d90c3d4e0_0, 0;
    %pushi/vec4 0, 0, 16;
    %assign/vec4 v0000019d90bd4be0_0, 0;
    %jmp T_0.3;
T_0.2 ;
    %load/vec4 v0000019d90c3e070_0;
    %cmpi/s 12288, 0, 16;
    %flag_or 5, 4; GT is !LE
    %flag_inv 5;
    %jmp/0xz  T_0.4, 5;
    %pushi/vec4 0, 0, 1;
    %assign/vec4 v0000019d90c3d760_0, 0;
    %pushi/vec4 1, 0, 1;
    %assign/vec4 v0000019d90c3d620_0, 0;
    %pushi/vec4 0, 0, 16;
    %assign/vec4 v0000019d90c3d4e0_0, 0;
    %pushi/vec4 0, 0, 16;
    %assign/vec4 v0000019d90bd4be0_0, 0;
    %jmp T_0.5;
T_0.4 ;
    %pushi/vec4 0, 0, 1;
    %assign/vec4 v0000019d90c3d760_0, 0;
    %pushi/vec4 0, 0, 1;
    %assign/vec4 v0000019d90c3d620_0, 0;
    %load/vec4 v0000019d90c3e070_0;
    %cmpi/s 57344, 0, 16;
    %jmp/0xz  T_0.6, 5;
    %pushi/vec4 60, 0, 16;
    %assign/vec4 v0000019d90c3d4e0_0, 0;
    %pushi/vec4 286, 0, 16;
    %assign/vec4 v0000019d90bd4be0_0, 0;
    %jmp T_0.7;
T_0.6 ;
    %load/vec4 v0000019d90c3e070_0;
    %cmpi/s 61440, 0, 16;
    %jmp/0xz  T_0.8, 5;
    %pushi/vec4 250, 0, 16;
    %assign/vec4 v0000019d90c3d4e0_0, 0;
    %pushi/vec4 584, 0, 16;
    %assign/vec4 v0000019d90bd4be0_0, 0;
    %jmp T_0.9;
T_0.8 ;
    %load/vec4 v0000019d90c3e070_0;
    %cmpi/s 4096, 0, 16;
    %jmp/0xz  T_0.10, 5;
    %pushi/vec4 390, 0, 16;
    %assign/vec4 v0000019d90c3d4e0_0, 0;
    %pushi/vec4 1024, 0, 16;
    %assign/vec4 v0000019d90bd4be0_0, 0;
    %jmp T_0.11;
T_0.10 ;
    %load/vec4 v0000019d90c3e070_0;
    %cmpi/s 8192, 0, 16;
    %jmp/0xz  T_0.12, 5;
    %pushi/vec4 250, 0, 16;
    %assign/vec4 v0000019d90c3d4e0_0, 0;
    %pushi/vec4 1464, 0, 16;
    %assign/vec4 v0000019d90bd4be0_0, 0;
    %jmp T_0.13;
T_0.12 ;
    %pushi/vec4 60, 0, 16;
    %assign/vec4 v0000019d90c3d4e0_0, 0;
    %pushi/vec4 1762, 0, 16;
    %assign/vec4 v0000019d90bd4be0_0, 0;
T_0.13 ;
T_0.11 ;
T_0.9 ;
T_0.7 ;
T_0.5 ;
T_0.3 ;
    %load/vec4 v0000019d90c3de90_0;
    %cmpi/s 53248, 0, 16;
    %jmp/0xz  T_0.14, 5;
    %pushi/vec4 1, 0, 1;
    %assign/vec4 v0000019d90c3d800_0, 0;
    %pushi/vec4 0, 0, 1;
    %assign/vec4 v0000019d90c3d6c0_0, 0;
    %pushi/vec4 0, 0, 16;
    %assign/vec4 v0000019d90c3d580_0, 0;
    %pushi/vec4 0, 0, 16;
    %assign/vec4 v0000019d90c3d440_0, 0;
    %jmp T_0.15;
T_0.14 ;
    %load/vec4 v0000019d90c3de90_0;
    %cmpi/s 12288, 0, 16;
    %flag_or 5, 4; GT is !LE
    %flag_inv 5;
    %jmp/0xz  T_0.16, 5;
    %pushi/vec4 0, 0, 1;
    %assign/vec4 v0000019d90c3d800_0, 0;
    %pushi/vec4 1, 0, 1;
    %assign/vec4 v0000019d90c3d6c0_0, 0;
    %pushi/vec4 0, 0, 16;
    %assign/vec4 v0000019d90c3d580_0, 0;
    %pushi/vec4 0, 0, 16;
    %assign/vec4 v0000019d90c3d440_0, 0;
    %jmp T_0.17;
T_0.16 ;
    %pushi/vec4 0, 0, 1;
    %assign/vec4 v0000019d90c3d800_0, 0;
    %pushi/vec4 0, 0, 1;
    %assign/vec4 v0000019d90c3d6c0_0, 0;
    %load/vec4 v0000019d90c3de90_0;
    %cmpi/s 57344, 0, 16;
    %jmp/0xz  T_0.18, 5;
    %pushi/vec4 60, 0, 16;
    %assign/vec4 v0000019d90c3d580_0, 0;
    %pushi/vec4 286, 0, 16;
    %assign/vec4 v0000019d90c3d440_0, 0;
    %jmp T_0.19;
T_0.18 ;
    %load/vec4 v0000019d90c3de90_0;
    %cmpi/s 61440, 0, 16;
    %jmp/0xz  T_0.20, 5;
    %pushi/vec4 250, 0, 16;
    %assign/vec4 v0000019d90c3d580_0, 0;
    %pushi/vec4 584, 0, 16;
    %assign/vec4 v0000019d90c3d440_0, 0;
    %jmp T_0.21;
T_0.20 ;
    %load/vec4 v0000019d90c3de90_0;
    %cmpi/s 4096, 0, 16;
    %jmp/0xz  T_0.22, 5;
    %pushi/vec4 390, 0, 16;
    %assign/vec4 v0000019d90c3d580_0, 0;
    %pushi/vec4 1024, 0, 16;
    %assign/vec4 v0000019d90c3d440_0, 0;
    %jmp T_0.23;
T_0.22 ;
    %load/vec4 v0000019d90c3de90_0;
    %cmpi/s 8192, 0, 16;
    %jmp/0xz  T_0.24, 5;
    %pushi/vec4 250, 0, 16;
    %assign/vec4 v0000019d90c3d580_0, 0;
    %pushi/vec4 1464, 0, 16;
    %assign/vec4 v0000019d90c3d440_0, 0;
    %jmp T_0.25;
T_0.24 ;
    %pushi/vec4 60, 0, 16;
    %assign/vec4 v0000019d90c3d580_0, 0;
    %pushi/vec4 1762, 0, 16;
    %assign/vec4 v0000019d90c3d440_0, 0;
T_0.25 ;
T_0.23 ;
T_0.21 ;
T_0.19 ;
T_0.17 ;
T_0.15 ;
T_0.1 ;
    %jmp T_0;
    .thread T_0;
    .scope S_0000019d90d4bdf0;
T_1 ;
    %wait E_0000019d90bcd6c0;
    %load/vec4 v0000019d90bd4b40_0;
    %nor/r;
    %flag_set/vec4 8;
    %jmp/0xz  T_1.0, 8;
    %pushi/vec4 0, 0, 1;
    %assign/vec4 v0000019d90c3e570_0, 0;
    %pushi/vec4 0, 0, 16;
    %assign/vec4 v0000019d90c3dad0_0, 0;
    %pushi/vec4 0, 0, 16;
    %assign/vec4 v0000019d90c3e250_0, 0;
    %pushi/vec4 0, 0, 1;
    %assign/vec4 v0000019d90c3dfd0_0, 0;
    %pushi/vec4 0, 0, 1;
    %assign/vec4 v0000019d90c3e390_0, 0;
    %pushi/vec4 0, 0, 1;
    %assign/vec4 v0000019d90c3e110_0, 0;
    %pushi/vec4 0, 0, 1;
    %assign/vec4 v0000019d90c3e6b0_0, 0;
    %jmp T_1.1;
T_1.0 ;
    %load/vec4 v0000019d90c3d8a0_0;
    %assign/vec4 v0000019d90c3e570_0, 0;
    %load/vec4 v0000019d90c3d760_0;
    %assign/vec4 v0000019d90c3dfd0_0, 0;
    %load/vec4 v0000019d90c3d620_0;
    %assign/vec4 v0000019d90c3e390_0, 0;
    %load/vec4 v0000019d90c3d800_0;
    %assign/vec4 v0000019d90c3e110_0, 0;
    %load/vec4 v0000019d90c3d6c0_0;
    %assign/vec4 v0000019d90c3e6b0_0, 0;
    %load/vec4 v0000019d90c3d4e0_0;
    %pad/s 32;
    %load/vec4 v0000019d90c3d940_0;
    %pad/s 32;
    %mul;
    %store/vec4 v0000019d90ba3390_0, 0, 32;
    %load/vec4 v0000019d90ba3390_0;
    %ix/load 4, 11, 0;
    %flag_set/imm 4, 0;
    %shiftr/s 4;
    %load/vec4 v0000019d90bd4be0_0;
    %pad/s 32;
    %add;
    %pad/s 16;
    %assign/vec4 v0000019d90c3dad0_0, 0;
    %load/vec4 v0000019d90c3d580_0;
    %pad/s 32;
    %load/vec4 v0000019d90c3d9e0_0;
    %pad/s 32;
    %mul;
    %store/vec4 v0000019d90ba2e80_0, 0, 32;
    %load/vec4 v0000019d90ba2e80_0;
    %ix/load 4, 11, 0;
    %flag_set/imm 4, 0;
    %shiftr/s 4;
    %load/vec4 v0000019d90c3d440_0;
    %pad/s 32;
    %add;
    %pad/s 16;
    %assign/vec4 v0000019d90c3e250_0, 0;
T_1.1 ;
    %jmp T_1;
    .thread T_1;
    .scope S_0000019d90d4bdf0;
T_2 ;
    %wait E_0000019d90bcd6c0;
    %load/vec4 v0000019d90bd4b40_0;
    %nor/r;
    %flag_set/vec4 8;
    %jmp/0xz  T_2.0, 8;
    %pushi/vec4 0, 0, 1;
    %assign/vec4 v0000019d90c3e7f0_0, 0;
    %pushi/vec4 0, 0, 16;
    %assign/vec4 v0000019d90c3e2f0_0, 0;
    %pushi/vec4 0, 0, 16;
    %assign/vec4 v0000019d90c3db70_0, 0;
    %jmp T_2.1;
T_2.0 ;
    %load/vec4 v0000019d90c3e570_0;
    %assign/vec4 v0000019d90c3e7f0_0, 0;
    %load/vec4 v0000019d90c3dfd0_0;
    %flag_set/vec4 8;
    %jmp/0xz  T_2.2, 8;
    %pushi/vec4 5, 0, 16;
    %assign/vec4 v0000019d90c3e2f0_0, 0;
    %jmp T_2.3;
T_2.2 ;
    %load/vec4 v0000019d90c3e390_0;
    %flag_set/vec4 8;
    %jmp/0xz  T_2.4, 8;
    %pushi/vec4 2043, 0, 16;
    %assign/vec4 v0000019d90c3e2f0_0, 0;
    %jmp T_2.5;
T_2.4 ;
    %load/vec4 v0000019d90c3dad0_0;
    %assign/vec4 v0000019d90c3e2f0_0, 0;
T_2.5 ;
T_2.3 ;
    %load/vec4 v0000019d90c3e110_0;
    %flag_set/vec4 8;
    %jmp/0xz  T_2.6, 8;
    %pushi/vec4 5, 0, 16;
    %assign/vec4 v0000019d90c3db70_0, 0;
    %jmp T_2.7;
T_2.6 ;
    %load/vec4 v0000019d90c3e6b0_0;
    %flag_set/vec4 8;
    %jmp/0xz  T_2.8, 8;
    %pushi/vec4 2043, 0, 16;
    %assign/vec4 v0000019d90c3db70_0, 0;
    %jmp T_2.9;
T_2.8 ;
    %load/vec4 v0000019d90c3e250_0;
    %assign/vec4 v0000019d90c3db70_0, 0;
T_2.9 ;
T_2.7 ;
T_2.1 ;
    %jmp T_2;
    .thread T_2;
# The file index is used to find the file name in the following table.
:file_names 3;
    "N/A";
    "<interactive>";
    "sigmoid5slices.v";
