#! /c/Source/iverilog-install/bin/vvp
:ivl_version "12.0 (devel)" "(s20150603-1539-g2693dd32b)";
:ivl_delay_selection "TYPICAL";
:vpi_time_precision - 12;
:vpi_module "C:\iverilog\lib\ivl\system.vpi";
:vpi_module "C:\iverilog\lib\ivl\vhdl_sys.vpi";
:vpi_module "C:\iverilog\lib\ivl\vhdl_textio.vpi";
:vpi_module "C:\iverilog\lib\ivl\v2005_math.vpi";
:vpi_module "C:\iverilog\lib\ivl\va_math.vpi";
S_0000018368f4bca0 .scope module, "tanh5slices" "tanh5slices" 2 3;
 .timescale -9 -12;
    .port_info 0 /INPUT 1 "clk";
    .port_info 1 /INPUT 1 "rst_n";
    .port_info 2 /INPUT 16 "x0_in";
    .port_info 3 /INPUT 16 "x1_in";
    .port_info 4 /INPUT 1 "valid_in";
    .port_info 5 /OUTPUT 16 "y0_out";
    .port_info 6 /OUTPUT 16 "y1_out";
    .port_info 7 /OUTPUT 1 "valid_out";
P_00000183691b2b10 .param/l "BP_N05" 1 2 26, +C4<1111110000000000>;
P_00000183691b2b48 .param/l "BP_N2" 1 2 25, +C4<1111000000000000>;
P_00000183691b2b80 .param/l "BP_N3" 1 2 24, +C4<1110100000000000>;
P_00000183691b2bb8 .param/l "BP_P05" 1 2 27, +C4<0000010000000000>;
P_00000183691b2bf0 .param/l "BP_P2" 1 2 28, +C4<0001000000000000>;
P_00000183691b2c28 .param/l "BP_P3" 1 2 29, +C4<0001100000000000>;
P_00000183691b2c60 .param/l "C_SEG2" 1 2 41, +C4<1111100101001000>;
P_00000183691b2c98 .param/l "C_SEG3" 1 2 43, +C4<1111110101110001>;
P_00000183691b2cd0 .param/l "C_SEG4" 1 2 45, +C4<0000000000000000>;
P_00000183691b2d08 .param/l "C_SEG5" 1 2 47, +C4<0000001010001111>;
P_00000183691b2d40 .param/l "C_SEG6" 1 2 49, +C4<0000011010111000>;
P_00000183691b2d78 .param/l "M_INNER" 1 2 37, +C4<0000011000010100>;
P_00000183691b2db0 .param/l "M_MID" 1 2 35, +C4<0000001011001101>;
P_00000183691b2de8 .param/l "M_OUTER" 1 2 33, +C4<0000000001100100>;
P_00000183691b2e20 .param/l "SAT_HIGH" 1 2 53, +C4<0000011111110110>;
P_00000183691b2e58 .param/l "SAT_LOW" 1 2 52, +C4<1111100000001010>;
o00000183691fffd8 .functor BUFZ 1, C4<z>; HiZ drive
v00000183691b3190_0 .net "clk", 0 0, o00000183691fffd8;  0 drivers
v00000183691b33b0_0 .var/s "mult_res0", 31 0;
v00000183691b2ea0_0 .var/s "mult_res1", 31 0;
o0000018369200068 .functor BUFZ 1, C4<z>; HiZ drive
v0000018368f4ba20_0 .net "rst_n", 0 0, o0000018369200068;  0 drivers
v0000018368f4bac0_0 .var/s "s1_c0", 15 0;
v0000018368f4be30_0 .var/s "s1_c1", 15 0;
v0000018368f4bed0_0 .var/s "s1_m0", 15 0;
v00000183691e3e00_0 .var/s "s1_m1", 15 0;
v00000183691e3ea0_0 .var "s1_sat_high0", 0 0;
v00000183691e3f40_0 .var "s1_sat_high1", 0 0;
v00000183691e3fe0_0 .var "s1_sat_low0", 0 0;
v00000183691e4080_0 .var "s1_sat_low1", 0 0;
v00000183691e4120_0 .var "s1_valid", 0 0;
v00000183691e41c0_0 .var/s "s1_x0", 15 0;
v00000183691e4260_0 .var/s "s1_x1", 15 0;
v000001836924e960_0 .var "s2_sat_high0", 0 0;
v000001836924e460_0 .var "s2_sat_high1", 0 0;
v000001836924dce0_0 .var "s2_sat_low0", 0 0;
v000001836924e6e0_0 .var "s2_sat_low1", 0 0;
v000001836924e320_0 .var "s2_valid", 0 0;
v000001836924de20_0 .var/s "s2_y0", 15 0;
v000001836924e5a0_0 .var/s "s2_y1", 15 0;
o00000183692003f8 .functor BUFZ 1, C4<z>; HiZ drive
v000001836924e780_0 .net "valid_in", 0 0, o00000183692003f8;  0 drivers
v000001836924ea00_0 .var "valid_out", 0 0;
o0000018369200458 .functor BUFZ 16, C4<zzzzzzzzzzzzzzzz>; HiZ drive
v000001836924e280_0 .net/s "x0_in", 15 0, o0000018369200458;  0 drivers
o0000018369200488 .functor BUFZ 16, C4<zzzzzzzzzzzzzzzz>; HiZ drive
v000001836924e3c0_0 .net/s "x1_in", 15 0, o0000018369200488;  0 drivers
v000001836924e1e0_0 .var/s "y0_out", 15 0;
v000001836924e500_0 .var/s "y1_out", 15 0;
E_00000183691d7260/0 .event negedge, v0000018368f4ba20_0;
E_00000183691d7260/1 .event posedge, v00000183691b3190_0;
E_00000183691d7260 .event/or E_00000183691d7260/0, E_00000183691d7260/1;
    .scope S_0000018368f4bca0;
T_0 ;
    %wait E_00000183691d7260;
    %load/vec4 v0000018368f4ba20_0;
    %nor/r;
    %flag_set/vec4 8;
    %jmp/0xz  T_0.0, 8;
    %pushi/vec4 0, 0, 1;
    %assign/vec4 v00000183691e4120_0, 0;
    %pushi/vec4 0, 0, 16;
    %assign/vec4 v00000183691e41c0_0, 0;
    %pushi/vec4 0, 0, 16;
    %assign/vec4 v00000183691e4260_0, 0;
    %pushi/vec4 0, 0, 16;
    %assign/vec4 v0000018368f4bed0_0, 0;
    %pushi/vec4 0, 0, 16;
    %assign/vec4 v0000018368f4bac0_0, 0;
    %pushi/vec4 0, 0, 1;
    %assign/vec4 v00000183691e3fe0_0, 0;
    %pushi/vec4 0, 0, 1;
    %assign/vec4 v00000183691e3ea0_0, 0;
    %pushi/vec4 0, 0, 16;
    %assign/vec4 v00000183691e3e00_0, 0;
    %pushi/vec4 0, 0, 16;
    %assign/vec4 v0000018368f4be30_0, 0;
    %pushi/vec4 0, 0, 1;
    %assign/vec4 v00000183691e4080_0, 0;
    %pushi/vec4 0, 0, 1;
    %assign/vec4 v00000183691e3f40_0, 0;
    %jmp T_0.1;
T_0.0 ;
    %load/vec4 v000001836924e780_0;
    %assign/vec4 v00000183691e4120_0, 0;
    %load/vec4 v000001836924e280_0;
    %assign/vec4 v00000183691e41c0_0, 0;
    %load/vec4 v000001836924e3c0_0;
    %assign/vec4 v00000183691e4260_0, 0;
    %load/vec4 v000001836924e280_0;
    %cmpi/s 59392, 0, 16;
    %jmp/0xz  T_0.2, 5;
    %pushi/vec4 1, 0, 1;
    %assign/vec4 v00000183691e3fe0_0, 0;
    %pushi/vec4 0, 0, 1;
    %assign/vec4 v00000183691e3ea0_0, 0;
    %pushi/vec4 0, 0, 16;
    %assign/vec4 v0000018368f4bed0_0, 0;
    %pushi/vec4 0, 0, 16;
    %assign/vec4 v0000018368f4bac0_0, 0;
    %jmp T_0.3;
T_0.2 ;
    %load/vec4 v000001836924e280_0;
    %cmpi/s 6144, 0, 16;
    %flag_inv 5; GE is !LT
    %jmp/0xz  T_0.4, 5;
    %pushi/vec4 0, 0, 1;
    %assign/vec4 v00000183691e3fe0_0, 0;
    %pushi/vec4 1, 0, 1;
    %assign/vec4 v00000183691e3ea0_0, 0;
    %pushi/vec4 0, 0, 16;
    %assign/vec4 v0000018368f4bed0_0, 0;
    %pushi/vec4 0, 0, 16;
    %assign/vec4 v0000018368f4bac0_0, 0;
    %jmp T_0.5;
T_0.4 ;
    %pushi/vec4 0, 0, 1;
    %assign/vec4 v00000183691e3fe0_0, 0;
    %pushi/vec4 0, 0, 1;
    %assign/vec4 v00000183691e3ea0_0, 0;
    %load/vec4 v000001836924e280_0;
    %cmpi/s 61440, 0, 16;
    %jmp/0xz  T_0.6, 5;
    %pushi/vec4 100, 0, 16;
    %assign/vec4 v0000018368f4bed0_0, 0;
    %pushi/vec4 63816, 0, 16;
    %assign/vec4 v0000018368f4bac0_0, 0;
    %jmp T_0.7;
T_0.6 ;
    %load/vec4 v000001836924e280_0;
    %cmpi/s 64512, 0, 16;
    %jmp/0xz  T_0.8, 5;
    %pushi/vec4 717, 0, 16;
    %assign/vec4 v0000018368f4bed0_0, 0;
    %pushi/vec4 64881, 0, 16;
    %assign/vec4 v0000018368f4bac0_0, 0;
    %jmp T_0.9;
T_0.8 ;
    %load/vec4 v000001836924e280_0;
    %cmpi/s 1024, 0, 16;
    %jmp/0xz  T_0.10, 5;
    %pushi/vec4 1556, 0, 16;
    %assign/vec4 v0000018368f4bed0_0, 0;
    %pushi/vec4 0, 0, 16;
    %assign/vec4 v0000018368f4bac0_0, 0;
    %jmp T_0.11;
T_0.10 ;
    %load/vec4 v000001836924e280_0;
    %cmpi/s 4096, 0, 16;
    %jmp/0xz  T_0.12, 5;
    %pushi/vec4 717, 0, 16;
    %assign/vec4 v0000018368f4bed0_0, 0;
    %pushi/vec4 655, 0, 16;
    %assign/vec4 v0000018368f4bac0_0, 0;
    %jmp T_0.13;
T_0.12 ;
    %pushi/vec4 100, 0, 16;
    %assign/vec4 v0000018368f4bed0_0, 0;
    %pushi/vec4 1720, 0, 16;
    %assign/vec4 v0000018368f4bac0_0, 0;
T_0.13 ;
T_0.11 ;
T_0.9 ;
T_0.7 ;
T_0.5 ;
T_0.3 ;
    %load/vec4 v000001836924e3c0_0;
    %cmpi/s 59392, 0, 16;
    %jmp/0xz  T_0.14, 5;
    %pushi/vec4 1, 0, 1;
    %assign/vec4 v00000183691e4080_0, 0;
    %pushi/vec4 0, 0, 1;
    %assign/vec4 v00000183691e3f40_0, 0;
    %pushi/vec4 0, 0, 16;
    %assign/vec4 v00000183691e3e00_0, 0;
    %pushi/vec4 0, 0, 16;
    %assign/vec4 v0000018368f4be30_0, 0;
    %jmp T_0.15;
T_0.14 ;
    %load/vec4 v000001836924e3c0_0;
    %cmpi/s 6144, 0, 16;
    %flag_inv 5; GE is !LT
    %jmp/0xz  T_0.16, 5;
    %pushi/vec4 0, 0, 1;
    %assign/vec4 v00000183691e4080_0, 0;
    %pushi/vec4 1, 0, 1;
    %assign/vec4 v00000183691e3f40_0, 0;
    %pushi/vec4 0, 0, 16;
    %assign/vec4 v00000183691e3e00_0, 0;
    %pushi/vec4 0, 0, 16;
    %assign/vec4 v0000018368f4be30_0, 0;
    %jmp T_0.17;
T_0.16 ;
    %pushi/vec4 0, 0, 1;
    %assign/vec4 v00000183691e4080_0, 0;
    %pushi/vec4 0, 0, 1;
    %assign/vec4 v00000183691e3f40_0, 0;
    %load/vec4 v000001836924e3c0_0;
    %cmpi/s 61440, 0, 16;
    %jmp/0xz  T_0.18, 5;
    %pushi/vec4 100, 0, 16;
    %assign/vec4 v00000183691e3e00_0, 0;
    %pushi/vec4 63816, 0, 16;
    %assign/vec4 v0000018368f4be30_0, 0;
    %jmp T_0.19;
T_0.18 ;
    %load/vec4 v000001836924e3c0_0;
    %cmpi/s 64512, 0, 16;
    %jmp/0xz  T_0.20, 5;
    %pushi/vec4 717, 0, 16;
    %assign/vec4 v00000183691e3e00_0, 0;
    %pushi/vec4 64881, 0, 16;
    %assign/vec4 v0000018368f4be30_0, 0;
    %jmp T_0.21;
T_0.20 ;
    %load/vec4 v000001836924e3c0_0;
    %cmpi/s 1024, 0, 16;
    %jmp/0xz  T_0.22, 5;
    %pushi/vec4 1556, 0, 16;
    %assign/vec4 v00000183691e3e00_0, 0;
    %pushi/vec4 0, 0, 16;
    %assign/vec4 v0000018368f4be30_0, 0;
    %jmp T_0.23;
T_0.22 ;
    %load/vec4 v000001836924e3c0_0;
    %cmpi/s 4096, 0, 16;
    %jmp/0xz  T_0.24, 5;
    %pushi/vec4 717, 0, 16;
    %assign/vec4 v00000183691e3e00_0, 0;
    %pushi/vec4 655, 0, 16;
    %assign/vec4 v0000018368f4be30_0, 0;
    %jmp T_0.25;
T_0.24 ;
    %pushi/vec4 100, 0, 16;
    %assign/vec4 v00000183691e3e00_0, 0;
    %pushi/vec4 1720, 0, 16;
    %assign/vec4 v0000018368f4be30_0, 0;
T_0.25 ;
T_0.23 ;
T_0.21 ;
T_0.19 ;
T_0.17 ;
T_0.15 ;
T_0.1 ;
    %jmp T_0;
    .thread T_0;
    .scope S_0000018368f4bca0;
T_1 ;
    %wait E_00000183691d7260;
    %load/vec4 v0000018368f4ba20_0;
    %nor/r;
    %flag_set/vec4 8;
    %jmp/0xz  T_1.0, 8;
    %pushi/vec4 0, 0, 1;
    %assign/vec4 v000001836924e320_0, 0;
    %pushi/vec4 0, 0, 16;
    %assign/vec4 v000001836924de20_0, 0;
    %pushi/vec4 0, 0, 16;
    %assign/vec4 v000001836924e5a0_0, 0;
    %pushi/vec4 0, 0, 1;
    %assign/vec4 v000001836924dce0_0, 0;
    %pushi/vec4 0, 0, 1;
    %assign/vec4 v000001836924e960_0, 0;
    %pushi/vec4 0, 0, 1;
    %assign/vec4 v000001836924e6e0_0, 0;
    %pushi/vec4 0, 0, 1;
    %assign/vec4 v000001836924e460_0, 0;
    %jmp T_1.1;
T_1.0 ;
    %load/vec4 v00000183691e4120_0;
    %assign/vec4 v000001836924e320_0, 0;
    %load/vec4 v00000183691e3fe0_0;
    %assign/vec4 v000001836924dce0_0, 0;
    %load/vec4 v00000183691e3ea0_0;
    %assign/vec4 v000001836924e960_0, 0;
    %load/vec4 v00000183691e4080_0;
    %assign/vec4 v000001836924e6e0_0, 0;
    %load/vec4 v00000183691e3f40_0;
    %assign/vec4 v000001836924e460_0, 0;
    %load/vec4 v0000018368f4bed0_0;
    %pad/s 32;
    %load/vec4 v00000183691e41c0_0;
    %pad/s 32;
    %mul;
    %store/vec4 v00000183691b33b0_0, 0, 32;
    %load/vec4 v00000183691b33b0_0;
    %ix/load 4, 11, 0;
    %flag_set/imm 4, 0;
    %shiftr/s 4;
    %load/vec4 v0000018368f4bac0_0;
    %pad/s 32;
    %add;
    %pad/s 16;
    %assign/vec4 v000001836924de20_0, 0;
    %load/vec4 v00000183691e3e00_0;
    %pad/s 32;
    %load/vec4 v00000183691e4260_0;
    %pad/s 32;
    %mul;
    %store/vec4 v00000183691b2ea0_0, 0, 32;
    %load/vec4 v00000183691b2ea0_0;
    %ix/load 4, 11, 0;
    %flag_set/imm 4, 0;
    %shiftr/s 4;
    %load/vec4 v0000018368f4be30_0;
    %pad/s 32;
    %add;
    %pad/s 16;
    %assign/vec4 v000001836924e5a0_0, 0;
T_1.1 ;
    %jmp T_1;
    .thread T_1;
    .scope S_0000018368f4bca0;
T_2 ;
    %wait E_00000183691d7260;
    %load/vec4 v0000018368f4ba20_0;
    %nor/r;
    %flag_set/vec4 8;
    %jmp/0xz  T_2.0, 8;
    %pushi/vec4 0, 0, 1;
    %assign/vec4 v000001836924ea00_0, 0;
    %pushi/vec4 0, 0, 16;
    %assign/vec4 v000001836924e1e0_0, 0;
    %pushi/vec4 0, 0, 16;
    %assign/vec4 v000001836924e500_0, 0;
    %jmp T_2.1;
T_2.0 ;
    %load/vec4 v000001836924e320_0;
    %assign/vec4 v000001836924ea00_0, 0;
    %load/vec4 v000001836924dce0_0;
    %flag_set/vec4 8;
    %jmp/0xz  T_2.2, 8;
    %pushi/vec4 63498, 0, 16;
    %assign/vec4 v000001836924e1e0_0, 0;
    %jmp T_2.3;
T_2.2 ;
    %load/vec4 v000001836924e960_0;
    %flag_set/vec4 8;
    %jmp/0xz  T_2.4, 8;
    %pushi/vec4 2038, 0, 16;
    %assign/vec4 v000001836924e1e0_0, 0;
    %jmp T_2.5;
T_2.4 ;
    %load/vec4 v000001836924de20_0;
    %assign/vec4 v000001836924e1e0_0, 0;
T_2.5 ;
T_2.3 ;
    %load/vec4 v000001836924e6e0_0;
    %flag_set/vec4 8;
    %jmp/0xz  T_2.6, 8;
    %pushi/vec4 63498, 0, 16;
    %assign/vec4 v000001836924e500_0, 0;
    %jmp T_2.7;
T_2.6 ;
    %load/vec4 v000001836924e460_0;
    %flag_set/vec4 8;
    %jmp/0xz  T_2.8, 8;
    %pushi/vec4 2038, 0, 16;
    %assign/vec4 v000001836924e500_0, 0;
    %jmp T_2.9;
T_2.8 ;
    %load/vec4 v000001836924e5a0_0;
    %assign/vec4 v000001836924e500_0, 0;
T_2.9 ;
T_2.7 ;
T_2.1 ;
    %jmp T_2;
    .thread T_2;
# The file index is used to find the file name in the following table.
:file_names 3;
    "N/A";
    "<interactive>";
    "tanh5slices.v";
