#! /usr/bin/vvp
:ivl_version "11.0 (stable)";
:ivl_delay_selection "TYPICAL";
:vpi_time_precision - 12;
:vpi_module "/usr/lib/x86_64-linux-gnu/ivl/system.vpi";
:vpi_module "/usr/lib/x86_64-linux-gnu/ivl/vhdl_sys.vpi";
:vpi_module "/usr/lib/x86_64-linux-gnu/ivl/vhdl_textio.vpi";
:vpi_module "/usr/lib/x86_64-linux-gnu/ivl/v2005_math.vpi";
:vpi_module "/usr/lib/x86_64-linux-gnu/ivl/va_math.vpi";
S_0x5d0253990e20 .scope module, "sigmoid9slices_tb" "sigmoid9slices_tb" 2 3;
 .timescale -9 -12;
v0x5d02539cfb50_0 .var "clk", 0 0;
v0x5d02539cfc10_0 .var/i "i", 31 0;
v0x5d02539cfcd0_0 .var/i "out_cnt", 31 0;
v0x5d02539cfd90_0 .var "rst_n", 0 0;
v0x5d02539cfe30_0 .var "valid_in", 0 0;
v0x5d02539cfed0_0 .net "valid_out", 0 0, v0x5d02539cf610_0;  1 drivers
v0x5d02539cff70_0 .var/s "x0_in", 15 0;
v0x5d02539d0040_0 .var/s "x1_in", 15 0;
v0x5d02539d0110 .array/real "x_py", 39 0;
v0x5d02539d01b0_0 .net/s "y0_out", 15 0, v0x5d02539cf890_0;  1 drivers
v0x5d02539d0280_0 .net/s "y1_out", 15 0, v0x5d02539cf970_0;  1 drivers
E_0x5d0253973540 .event posedge, v0x5d02539a25b0_0;
S_0x5d0253990fb0 .scope function.vec4.u16, "to_fixed" "to_fixed" 2 34, 2 34 0, S_0x5d0253990e20;
 .timescale -9 -12;
; Variable to_fixed is vec4 return value of scope S_0x5d0253990fb0
v0x5d02539ad360_0 .var/real "val", 0 0;
TD_sigmoid9slices_tb.to_fixed ;
    %load/real v0x5d02539ad360_0;
    %pushi/real 1073741824, 4077; load=2048.00
    %mul/wr;
    %vpi_func 2 37 "$rtoi" 32, W<0,r> {0 1 0};
    %pad/s 16;
    %ret/vec4 0, 0, 16;  Assign to to_fixed (store_vec4_to_lval)
    %end;
S_0x5d02539cca50 .scope function.real, "to_real" "to_real" 2 42, 2 42 0, S_0x5d0253990e20;
 .timescale -9 -12;
; Variable to_real is REAL return value of scope S_0x5d02539cca50
v0x5d02539a09f0_0 .var/s "val", 15 0;
TD_sigmoid9slices_tb.to_real ;
    %vpi_func/r 2 45 "$itor", v0x5d02539a09f0_0 {0 0 0};
    %pushi/real 1073741824, 4077; load=2048.00
    %div/wr;
    %ret/real 0; Assign to to_real
    %end;
S_0x5d02539cccb0 .scope module, "uut" "sigmoid9slices" 2 19, 3 3 0, S_0x5d0253990e20;
 .timescale -9 -12;
    .port_info 0 /INPUT 1 "clk";
    .port_info 1 /INPUT 1 "rst_n";
    .port_info 2 /INPUT 16 "x0_in";
    .port_info 3 /INPUT 16 "x1_in";
    .port_info 4 /INPUT 1 "valid_in";
    .port_info 5 /OUTPUT 16 "y0_out";
    .port_info 6 /OUTPUT 16 "y1_out";
    .port_info 7 /OUTPUT 1 "valid_out";
P_0x5d02539cce90 .param/l "BP_0" 1 3 25, +C4<1101000000000000>;
P_0x5d02539cced0 .param/l "BP_1" 1 3 26, +C4<1101101010101011>;
P_0x5d02539ccf10 .param/l "BP_2" 1 3 27, +C4<1110010101010101>;
P_0x5d02539ccf50 .param/l "BP_3" 1 3 28, +C4<1111000000000000>;
P_0x5d02539ccf90 .param/l "BP_4" 1 3 29, +C4<1111101010101011>;
P_0x5d02539ccfd0 .param/l "BP_5" 1 3 30, +C4<0000010101010101>;
P_0x5d02539cd010 .param/l "BP_6" 1 3 31, +C4<0001000000000000>;
P_0x5d02539cd050 .param/l "BP_7" 1 3 32, +C4<0001101010101011>;
P_0x5d02539cd090 .param/l "BP_8" 1 3 33, +C4<0010010101010101>;
P_0x5d02539cd0d0 .param/l "BP_9" 1 3 34, +C4<0011000000000000>;
P_0x5d02539cd110 .param/l "C_0" 1 3 48, +C4<0000000001000100>;
P_0x5d02539cd150 .param/l "C_1" 1 3 49, +C4<0000000011000111>;
P_0x5d02539cd190 .param/l "C_2" 1 3 50, +C4<0000000111111001>;
P_0x5d02539cd1d0 .param/l "C_3" 1 3 51, +C4<0000001110011000>;
P_0x5d02539cd210 .param/l "C_4" 1 3 52, +C4<0000010000000000>;
P_0x5d02539cd250 .param/l "C_5" 1 3 53, +C4<0000010001101000>;
P_0x5d02539cd290 .param/l "C_6" 1 3 54, +C4<0000011000000111>;
P_0x5d02539cd2d0 .param/l "C_7" 1 3 55, +C4<0000011100111001>;
P_0x5d02539cd310 .param/l "C_8" 1 3 56, +C4<0000011110111100>;
P_0x5d02539cd350 .param/l "M_0" 1 3 37, +C4<0000000000001011>;
P_0x5d02539cd390 .param/l "M_1" 1 3 38, +C4<0000000000100111>;
P_0x5d02539cd3d0 .param/l "M_2" 1 3 39, +C4<0000000010000010>;
P_0x5d02539cd410 .param/l "M_3" 1 3 40, +C4<0000000101010010>;
P_0x5d02539cd450 .param/l "M_4" 1 3 41, +C4<0000000111101110>;
P_0x5d02539cd490 .param/l "M_5" 1 3 42, +C4<0000000101010010>;
P_0x5d02539cd4d0 .param/l "M_6" 1 3 43, +C4<0000000010000010>;
P_0x5d02539cd510 .param/l "M_7" 1 3 44, +C4<0000000000100111>;
P_0x5d02539cd550 .param/l "M_8" 1 3 45, +C4<0000000000001011>;
P_0x5d02539cd590 .param/l "SAT_HIGH" 1 3 60, +C4<0000011111111011>;
P_0x5d02539cd5d0 .param/l "SAT_LOW" 1 3 59, +C4<0000000000000101>;
v0x5d02539a25b0_0 .net "clk", 0 0, v0x5d02539cfb50_0;  1 drivers
v0x5d02539a2680_0 .var/s "mult_res0", 31 0;
v0x5d02539ce500_0 .var/s "mult_res1", 31 0;
v0x5d02539ce5c0_0 .net "rst_n", 0 0, v0x5d02539cfd90_0;  1 drivers
v0x5d02539ce680_0 .var/s "s1_c0", 15 0;
v0x5d02539ce7b0_0 .var/s "s1_c1", 15 0;
v0x5d02539ce890_0 .var/s "s1_m0", 15 0;
v0x5d02539ce970_0 .var/s "s1_m1", 15 0;
v0x5d02539cea50_0 .var "s1_sat_high0", 0 0;
v0x5d02539ceb10_0 .var "s1_sat_high1", 0 0;
v0x5d02539cebd0_0 .var "s1_sat_low0", 0 0;
v0x5d02539cec90_0 .var "s1_sat_low1", 0 0;
v0x5d02539ced50_0 .var "s1_valid", 0 0;
v0x5d02539cee10_0 .var/s "s1_x0", 15 0;
v0x5d02539ceef0_0 .var/s "s1_x1", 15 0;
v0x5d02539cefd0_0 .var "s2_sat_high0", 0 0;
v0x5d02539cf090_0 .var "s2_sat_high1", 0 0;
v0x5d02539cf150_0 .var "s2_sat_low0", 0 0;
v0x5d02539cf210_0 .var "s2_sat_low1", 0 0;
v0x5d02539cf2d0_0 .var "s2_valid", 0 0;
v0x5d02539cf390_0 .var/s "s2_y0", 15 0;
v0x5d02539cf470_0 .var/s "s2_y1", 15 0;
v0x5d02539cf550_0 .net "valid_in", 0 0, v0x5d02539cfe30_0;  1 drivers
v0x5d02539cf610_0 .var "valid_out", 0 0;
v0x5d02539cf6d0_0 .net/s "x0_in", 15 0, v0x5d02539cff70_0;  1 drivers
v0x5d02539cf7b0_0 .net/s "x1_in", 15 0, v0x5d02539d0040_0;  1 drivers
v0x5d02539cf890_0 .var/s "y0_out", 15 0;
v0x5d02539cf970_0 .var/s "y1_out", 15 0;
E_0x5d02539739b0/0 .event negedge, v0x5d02539ce5c0_0;
E_0x5d02539739b0/1 .event posedge, v0x5d02539a25b0_0;
E_0x5d02539739b0 .event/or E_0x5d02539739b0/0, E_0x5d02539739b0/1;
    .scope S_0x5d02539cccb0;
T_2 ;
    %wait E_0x5d02539739b0;
    %load/vec4 v0x5d02539ce5c0_0;
    %nor/r;
    %flag_set/vec4 8;
    %jmp/0xz  T_2.0, 8;
    %pushi/vec4 0, 0, 1;
    %assign/vec4 v0x5d02539ced50_0, 0;
    %pushi/vec4 0, 0, 16;
    %assign/vec4 v0x5d02539cee10_0, 0;
    %pushi/vec4 0, 0, 16;
    %assign/vec4 v0x5d02539ceef0_0, 0;
    %pushi/vec4 0, 0, 16;
    %assign/vec4 v0x5d02539ce890_0, 0;
    %pushi/vec4 0, 0, 16;
    %assign/vec4 v0x5d02539ce680_0, 0;
    %pushi/vec4 0, 0, 1;
    %assign/vec4 v0x5d02539cebd0_0, 0;
    %pushi/vec4 0, 0, 1;
    %assign/vec4 v0x5d02539cea50_0, 0;
    %pushi/vec4 0, 0, 16;
    %assign/vec4 v0x5d02539ce970_0, 0;
    %pushi/vec4 0, 0, 16;
    %assign/vec4 v0x5d02539ce7b0_0, 0;
    %pushi/vec4 0, 0, 1;
    %assign/vec4 v0x5d02539cec90_0, 0;
    %pushi/vec4 0, 0, 1;
    %assign/vec4 v0x5d02539ceb10_0, 0;
    %jmp T_2.1;
T_2.0 ;
    %load/vec4 v0x5d02539cf550_0;
    %assign/vec4 v0x5d02539ced50_0, 0;
    %load/vec4 v0x5d02539cf6d0_0;
    %assign/vec4 v0x5d02539cee10_0, 0;
    %load/vec4 v0x5d02539cf7b0_0;
    %assign/vec4 v0x5d02539ceef0_0, 0;
    %load/vec4 v0x5d02539cf6d0_0;
    %cmpi/s 53248, 0, 16;
    %jmp/0xz  T_2.2, 5;
    %pushi/vec4 1, 0, 1;
    %assign/vec4 v0x5d02539cebd0_0, 0;
    %pushi/vec4 0, 0, 1;
    %assign/vec4 v0x5d02539cea50_0, 0;
    %pushi/vec4 0, 0, 16;
    %assign/vec4 v0x5d02539ce890_0, 0;
    %pushi/vec4 0, 0, 16;
    %assign/vec4 v0x5d02539ce680_0, 0;
    %jmp T_2.3;
T_2.2 ;
    %load/vec4 v0x5d02539cf6d0_0;
    %cmpi/s 12288, 0, 16;
    %flag_inv 5; GE is !LT
    %jmp/0xz  T_2.4, 5;
    %pushi/vec4 0, 0, 1;
    %assign/vec4 v0x5d02539cebd0_0, 0;
    %pushi/vec4 1, 0, 1;
    %assign/vec4 v0x5d02539cea50_0, 0;
    %pushi/vec4 0, 0, 16;
    %assign/vec4 v0x5d02539ce890_0, 0;
    %pushi/vec4 0, 0, 16;
    %assign/vec4 v0x5d02539ce680_0, 0;
    %jmp T_2.5;
T_2.4 ;
    %pushi/vec4 0, 0, 1;
    %assign/vec4 v0x5d02539cebd0_0, 0;
    %pushi/vec4 0, 0, 1;
    %assign/vec4 v0x5d02539cea50_0, 0;
    %load/vec4 v0x5d02539cf6d0_0;
    %cmpi/s 55979, 0, 16;
    %jmp/0xz  T_2.6, 5;
    %pushi/vec4 11, 0, 16;
    %assign/vec4 v0x5d02539ce890_0, 0;
    %pushi/vec4 68, 0, 16;
    %assign/vec4 v0x5d02539ce680_0, 0;
    %jmp T_2.7;
T_2.6 ;
    %load/vec4 v0x5d02539cf6d0_0;
    %cmpi/s 58709, 0, 16;
    %jmp/0xz  T_2.8, 5;
    %pushi/vec4 39, 0, 16;
    %assign/vec4 v0x5d02539ce890_0, 0;
    %pushi/vec4 199, 0, 16;
    %assign/vec4 v0x5d02539ce680_0, 0;
    %jmp T_2.9;
T_2.8 ;
    %load/vec4 v0x5d02539cf6d0_0;
    %cmpi/s 61440, 0, 16;
    %jmp/0xz  T_2.10, 5;
    %pushi/vec4 130, 0, 16;
    %assign/vec4 v0x5d02539ce890_0, 0;
    %pushi/vec4 505, 0, 16;
    %assign/vec4 v0x5d02539ce680_0, 0;
    %jmp T_2.11;
T_2.10 ;
    %load/vec4 v0x5d02539cf6d0_0;
    %cmpi/s 64171, 0, 16;
    %jmp/0xz  T_2.12, 5;
    %pushi/vec4 338, 0, 16;
    %assign/vec4 v0x5d02539ce890_0, 0;
    %pushi/vec4 920, 0, 16;
    %assign/vec4 v0x5d02539ce680_0, 0;
    %jmp T_2.13;
T_2.12 ;
    %load/vec4 v0x5d02539cf6d0_0;
    %cmpi/s 1365, 0, 16;
    %jmp/0xz  T_2.14, 5;
    %pushi/vec4 494, 0, 16;
    %assign/vec4 v0x5d02539ce890_0, 0;
    %pushi/vec4 1024, 0, 16;
    %assign/vec4 v0x5d02539ce680_0, 0;
    %jmp T_2.15;
T_2.14 ;
    %load/vec4 v0x5d02539cf6d0_0;
    %cmpi/s 4096, 0, 16;
    %jmp/0xz  T_2.16, 5;
    %pushi/vec4 338, 0, 16;
    %assign/vec4 v0x5d02539ce890_0, 0;
    %pushi/vec4 1128, 0, 16;
    %assign/vec4 v0x5d02539ce680_0, 0;
    %jmp T_2.17;
T_2.16 ;
    %load/vec4 v0x5d02539cf6d0_0;
    %cmpi/s 6827, 0, 16;
    %jmp/0xz  T_2.18, 5;
    %pushi/vec4 130, 0, 16;
    %assign/vec4 v0x5d02539ce890_0, 0;
    %pushi/vec4 1543, 0, 16;
    %assign/vec4 v0x5d02539ce680_0, 0;
    %jmp T_2.19;
T_2.18 ;
    %load/vec4 v0x5d02539cf6d0_0;
    %cmpi/s 9557, 0, 16;
    %jmp/0xz  T_2.20, 5;
    %pushi/vec4 39, 0, 16;
    %assign/vec4 v0x5d02539ce890_0, 0;
    %pushi/vec4 1849, 0, 16;
    %assign/vec4 v0x5d02539ce680_0, 0;
    %jmp T_2.21;
T_2.20 ;
    %pushi/vec4 11, 0, 16;
    %assign/vec4 v0x5d02539ce890_0, 0;
    %pushi/vec4 1980, 0, 16;
    %assign/vec4 v0x5d02539ce680_0, 0;
T_2.21 ;
T_2.19 ;
T_2.17 ;
T_2.15 ;
T_2.13 ;
T_2.11 ;
T_2.9 ;
T_2.7 ;
T_2.5 ;
T_2.3 ;
    %load/vec4 v0x5d02539cf7b0_0;
    %cmpi/s 53248, 0, 16;
    %jmp/0xz  T_2.22, 5;
    %pushi/vec4 1, 0, 1;
    %assign/vec4 v0x5d02539cec90_0, 0;
    %pushi/vec4 0, 0, 1;
    %assign/vec4 v0x5d02539ceb10_0, 0;
    %pushi/vec4 0, 0, 16;
    %assign/vec4 v0x5d02539ce970_0, 0;
    %pushi/vec4 0, 0, 16;
    %assign/vec4 v0x5d02539ce7b0_0, 0;
    %jmp T_2.23;
T_2.22 ;
    %load/vec4 v0x5d02539cf7b0_0;
    %cmpi/s 12288, 0, 16;
    %flag_inv 5; GE is !LT
    %jmp/0xz  T_2.24, 5;
    %pushi/vec4 0, 0, 1;
    %assign/vec4 v0x5d02539cec90_0, 0;
    %pushi/vec4 1, 0, 1;
    %assign/vec4 v0x5d02539ceb10_0, 0;
    %pushi/vec4 0, 0, 16;
    %assign/vec4 v0x5d02539ce970_0, 0;
    %pushi/vec4 0, 0, 16;
    %assign/vec4 v0x5d02539ce7b0_0, 0;
    %jmp T_2.25;
T_2.24 ;
    %pushi/vec4 0, 0, 1;
    %assign/vec4 v0x5d02539cec90_0, 0;
    %pushi/vec4 0, 0, 1;
    %assign/vec4 v0x5d02539ceb10_0, 0;
    %load/vec4 v0x5d02539cf7b0_0;
    %cmpi/s 55979, 0, 16;
    %jmp/0xz  T_2.26, 5;
    %pushi/vec4 11, 0, 16;
    %assign/vec4 v0x5d02539ce970_0, 0;
    %pushi/vec4 68, 0, 16;
    %assign/vec4 v0x5d02539ce7b0_0, 0;
    %jmp T_2.27;
T_2.26 ;
    %load/vec4 v0x5d02539cf7b0_0;
    %cmpi/s 58709, 0, 16;
    %jmp/0xz  T_2.28, 5;
    %pushi/vec4 39, 0, 16;
    %assign/vec4 v0x5d02539ce970_0, 0;
    %pushi/vec4 199, 0, 16;
    %assign/vec4 v0x5d02539ce7b0_0, 0;
    %jmp T_2.29;
T_2.28 ;
    %load/vec4 v0x5d02539cf7b0_0;
    %cmpi/s 61440, 0, 16;
    %jmp/0xz  T_2.30, 5;
    %pushi/vec4 130, 0, 16;
    %assign/vec4 v0x5d02539ce970_0, 0;
    %pushi/vec4 505, 0, 16;
    %assign/vec4 v0x5d02539ce7b0_0, 0;
    %jmp T_2.31;
T_2.30 ;
    %load/vec4 v0x5d02539cf7b0_0;
    %cmpi/s 64171, 0, 16;
    %jmp/0xz  T_2.32, 5;
    %pushi/vec4 338, 0, 16;
    %assign/vec4 v0x5d02539ce970_0, 0;
    %pushi/vec4 920, 0, 16;
    %assign/vec4 v0x5d02539ce7b0_0, 0;
    %jmp T_2.33;
T_2.32 ;
    %load/vec4 v0x5d02539cf7b0_0;
    %cmpi/s 1365, 0, 16;
    %jmp/0xz  T_2.34, 5;
    %pushi/vec4 494, 0, 16;
    %assign/vec4 v0x5d02539ce970_0, 0;
    %pushi/vec4 1024, 0, 16;
    %assign/vec4 v0x5d02539ce7b0_0, 0;
    %jmp T_2.35;
T_2.34 ;
    %load/vec4 v0x5d02539cf7b0_0;
    %cmpi/s 4096, 0, 16;
    %jmp/0xz  T_2.36, 5;
    %pushi/vec4 338, 0, 16;
    %assign/vec4 v0x5d02539ce970_0, 0;
    %pushi/vec4 1128, 0, 16;
    %assign/vec4 v0x5d02539ce7b0_0, 0;
    %jmp T_2.37;
T_2.36 ;
    %load/vec4 v0x5d02539cf7b0_0;
    %cmpi/s 6827, 0, 16;
    %jmp/0xz  T_2.38, 5;
    %pushi/vec4 130, 0, 16;
    %assign/vec4 v0x5d02539ce970_0, 0;
    %pushi/vec4 1543, 0, 16;
    %assign/vec4 v0x5d02539ce7b0_0, 0;
    %jmp T_2.39;
T_2.38 ;
    %load/vec4 v0x5d02539cf7b0_0;
    %cmpi/s 9557, 0, 16;
    %jmp/0xz  T_2.40, 5;
    %pushi/vec4 39, 0, 16;
    %assign/vec4 v0x5d02539ce970_0, 0;
    %pushi/vec4 1849, 0, 16;
    %assign/vec4 v0x5d02539ce7b0_0, 0;
    %jmp T_2.41;
T_2.40 ;
    %pushi/vec4 11, 0, 16;
    %assign/vec4 v0x5d02539ce970_0, 0;
    %pushi/vec4 1980, 0, 16;
    %assign/vec4 v0x5d02539ce7b0_0, 0;
T_2.41 ;
T_2.39 ;
T_2.37 ;
T_2.35 ;
T_2.33 ;
T_2.31 ;
T_2.29 ;
T_2.27 ;
T_2.25 ;
T_2.23 ;
T_2.1 ;
    %jmp T_2;
    .thread T_2;
    .scope S_0x5d02539cccb0;
T_3 ;
    %wait E_0x5d02539739b0;
    %load/vec4 v0x5d02539ce5c0_0;
    %nor/r;
    %flag_set/vec4 8;
    %jmp/0xz  T_3.0, 8;
    %pushi/vec4 0, 0, 1;
    %assign/vec4 v0x5d02539cf2d0_0, 0;
    %pushi/vec4 0, 0, 16;
    %assign/vec4 v0x5d02539cf390_0, 0;
    %pushi/vec4 0, 0, 16;
    %assign/vec4 v0x5d02539cf470_0, 0;
    %pushi/vec4 0, 0, 1;
    %assign/vec4 v0x5d02539cf150_0, 0;
    %pushi/vec4 0, 0, 1;
    %assign/vec4 v0x5d02539cefd0_0, 0;
    %pushi/vec4 0, 0, 1;
    %assign/vec4 v0x5d02539cf210_0, 0;
    %pushi/vec4 0, 0, 1;
    %assign/vec4 v0x5d02539cf090_0, 0;
    %jmp T_3.1;
T_3.0 ;
    %load/vec4 v0x5d02539ced50_0;
    %assign/vec4 v0x5d02539cf2d0_0, 0;
    %load/vec4 v0x5d02539cebd0_0;
    %assign/vec4 v0x5d02539cf150_0, 0;
    %load/vec4 v0x5d02539cea50_0;
    %assign/vec4 v0x5d02539cefd0_0, 0;
    %load/vec4 v0x5d02539cec90_0;
    %assign/vec4 v0x5d02539cf210_0, 0;
    %load/vec4 v0x5d02539ceb10_0;
    %assign/vec4 v0x5d02539cf090_0, 0;
    %load/vec4 v0x5d02539ce890_0;
    %pad/s 32;
    %load/vec4 v0x5d02539cee10_0;
    %pad/s 32;
    %mul;
    %store/vec4 v0x5d02539a2680_0, 0, 32;
    %load/vec4 v0x5d02539a2680_0;
    %ix/load 4, 11, 0;
    %flag_set/imm 4, 0;
    %shiftr/s 4;
    %load/vec4 v0x5d02539ce680_0;
    %pad/s 32;
    %add;
    %pad/s 16;
    %assign/vec4 v0x5d02539cf390_0, 0;
    %load/vec4 v0x5d02539ce970_0;
    %pad/s 32;
    %load/vec4 v0x5d02539ceef0_0;
    %pad/s 32;
    %mul;
    %store/vec4 v0x5d02539ce500_0, 0, 32;
    %load/vec4 v0x5d02539ce500_0;
    %ix/load 4, 11, 0;
    %flag_set/imm 4, 0;
    %shiftr/s 4;
    %load/vec4 v0x5d02539ce7b0_0;
    %pad/s 32;
    %add;
    %pad/s 16;
    %assign/vec4 v0x5d02539cf470_0, 0;
T_3.1 ;
    %jmp T_3;
    .thread T_3;
    .scope S_0x5d02539cccb0;
T_4 ;
    %wait E_0x5d02539739b0;
    %load/vec4 v0x5d02539ce5c0_0;
    %nor/r;
    %flag_set/vec4 8;
    %jmp/0xz  T_4.0, 8;
    %pushi/vec4 0, 0, 1;
    %assign/vec4 v0x5d02539cf610_0, 0;
    %pushi/vec4 0, 0, 16;
    %assign/vec4 v0x5d02539cf890_0, 0;
    %pushi/vec4 0, 0, 16;
    %assign/vec4 v0x5d02539cf970_0, 0;
    %jmp T_4.1;
T_4.0 ;
    %load/vec4 v0x5d02539cf2d0_0;
    %assign/vec4 v0x5d02539cf610_0, 0;
    %load/vec4 v0x5d02539cf150_0;
    %flag_set/vec4 8;
    %jmp/0xz  T_4.2, 8;
    %pushi/vec4 5, 0, 16;
    %assign/vec4 v0x5d02539cf890_0, 0;
    %jmp T_4.3;
T_4.2 ;
    %load/vec4 v0x5d02539cefd0_0;
    %flag_set/vec4 8;
    %jmp/0xz  T_4.4, 8;
    %pushi/vec4 2043, 0, 16;
    %assign/vec4 v0x5d02539cf890_0, 0;
    %jmp T_4.5;
T_4.4 ;
    %load/vec4 v0x5d02539cf390_0;
    %assign/vec4 v0x5d02539cf890_0, 0;
T_4.5 ;
T_4.3 ;
    %load/vec4 v0x5d02539cf210_0;
    %flag_set/vec4 8;
    %jmp/0xz  T_4.6, 8;
    %pushi/vec4 5, 0, 16;
    %assign/vec4 v0x5d02539cf970_0, 0;
    %jmp T_4.7;
T_4.6 ;
    %load/vec4 v0x5d02539cf090_0;
    %flag_set/vec4 8;
    %jmp/0xz  T_4.8, 8;
    %pushi/vec4 2043, 0, 16;
    %assign/vec4 v0x5d02539cf970_0, 0;
    %jmp T_4.9;
T_4.8 ;
    %load/vec4 v0x5d02539cf470_0;
    %assign/vec4 v0x5d02539cf970_0, 0;
T_4.9 ;
T_4.7 ;
T_4.1 ;
    %jmp T_4;
    .thread T_4;
    .scope S_0x5d0253990e20;
T_5 ;
    %pushi/vec4 0, 0, 32;
    %store/vec4 v0x5d02539cfcd0_0, 0, 32;
    %end;
    .thread T_5;
    .scope S_0x5d0253990e20;
T_6 ;
    %delay 5000, 0;
    %load/vec4 v0x5d02539cfb50_0;
    %inv;
    %store/vec4 v0x5d02539cfb50_0, 0, 1;
    %jmp T_6;
    .thread T_6;
    .scope S_0x5d0253990e20;
T_7 ;
    %vpi_call 2 51 "$dumpfile", "sigmoid9slices_tb.vcd" {0 0 0};
    %vpi_call 2 52 "$dumpvars", 32'sb00000000000000000000000000000000, S_0x5d0253990e20 {0 0 0};
    %pushi/real 1342177280, 20453; load=-10.0000
    %ix/load 4, 0, 0;
    %store/reala v0x5d02539d0110, 4;
    %pushi/real 1273347676, 20453; load=-9.48718
    %pushi/real 1157623, 20431; load=-9.48718
    %add/wr;
    %ix/load 4, 1, 0;
    %store/reala v0x5d02539d0110, 4;
    %pushi/real 1204518071, 20453; load=-8.97436
    %pushi/real 880050, 20431; load=-8.97436
    %add/wr;
    %ix/load 4, 2, 0;
    %store/reala v0x5d02539d0110, 4;
    %pushi/real 1135688467, 20453; load=-8.46154
    %pushi/real 2037672, 20431; load=-8.46154
    %add/wr;
    %ix/load 4, 3, 0;
    %store/reala v0x5d02539d0110, 4;
    %pushi/real 2133717727, 20452; load=-7.94872
    %pushi/real 2196285, 20430; load=-7.94872
    %add/wr;
    %ix/load 4, 4, 0;
    %store/reala v0x5d02539d0110, 4;
    %pushi/real 1996058520, 20452; load=-7.43590
    %pushi/real 317226, 20430; load=-7.43590
    %add/wr;
    %ix/load 4, 5, 0;
    %store/reala v0x5d02539d0110, 4;
    %pushi/real 1858399309, 20452; load=-6.92308
    %pushi/real 3956384, 20430; load=-6.92308
    %add/wr;
    %ix/load 4, 6, 0;
    %store/reala v0x5d02539d0110, 4;
    %pushi/real 1720740102, 20452; load=-6.41026
    %pushi/real 2077325, 20430; load=-6.41026
    %add/wr;
    %ix/load 4, 7, 0;
    %store/reala v0x5d02539d0110, 4;
    %pushi/real 1583080895, 20452; load=-5.89744
    %pushi/real 198266, 20430; load=-5.89744
    %add/wr;
    %ix/load 4, 8, 0;
    %store/reala v0x5d02539d0110, 4;
    %pushi/real 1445421684, 20452; load=-5.38462
    %pushi/real 3837424, 20430; load=-5.38462
    %add/wr;
    %ix/load 4, 9, 0;
    %store/reala v0x5d02539d0110, 4;
    %pushi/real 1307762477, 20452; load=-4.87179
    %pushi/real 1958366, 20430; load=-4.87179
    %add/wr;
    %ix/load 4, 10, 0;
    %store/reala v0x5d02539d0110, 4;
    %pushi/real 1170103270, 20452; load=-4.35897
    %pushi/real 79307, 20430; load=-4.35897
    %add/wr;
    %ix/load 4, 11, 0;
    %store/reala v0x5d02539d0110, 4;
    %pushi/real 2064888125, 20451; load=-3.84615
    %pushi/real 594799, 20429; load=-3.84615
    %add/wr;
    %ix/load 4, 12, 0;
    %store/reala v0x5d02539d0110, 4;
    %pushi/real 1789569704, 20451; load=-3.33333
    %pushi/real 3678811, 20429; load=-3.33333
    %add/wr;
    %ix/load 4, 13, 0;
    %store/reala v0x5d02539d0110, 4;
    %pushi/real 1514251289, 20451; load=-2.82051
    %pushi/real 4114997, 20429; load=-2.82051
    %add/wr;
    %ix/load 4, 14, 0;
    %store/reala v0x5d02539d0110, 4;
    %pushi/real 1238932875, 20451; load=-2.30769
    %pushi/real 356880, 20429; load=-2.30769
    %add/wr;
    %ix/load 4, 15, 0;
    %store/reala v0x5d02539d0110, 4;
    %pushi/real 1927228909, 20450; load=-1.79487
    %pushi/real 2687479, 20428; load=-1.79487
    %add/wr;
    %ix/load 4, 16, 0;
    %store/reala v0x5d02539d0110, 4;
    %pushi/real 1376592079, 20450; load=-1.28205
    %pushi/real 3559851, 20428; load=-1.28205
    %add/wr;
    %ix/load 4, 17, 0;
    %store/reala v0x5d02539d0110, 4;
    %pushi/real 1651910500, 20449; load=-0.769231
    %pushi/real 475839, 20427; load=-0.769231
    %add/wr;
    %ix/load 4, 18, 0;
    %store/reala v0x5d02539d0110, 4;
    %pushi/real 1101273681, 20448; load=-0.256410
    %pushi/real 246864, 20426; load=-0.256410
    %add/wr;
    %ix/load 4, 19, 0;
    %store/reala v0x5d02539d0110, 4;
    %pushi/real 1101273681, 4064; load=0.256410
    %pushi/real 246864, 4042; load=0.256410
    %add/wr;
    %ix/load 4, 20, 0;
    %store/reala v0x5d02539d0110, 4;
    %pushi/real 1651910500, 4065; load=0.769231
    %pushi/real 475839, 4043; load=0.769231
    %add/wr;
    %ix/load 4, 21, 0;
    %store/reala v0x5d02539d0110, 4;
    %pushi/real 1376592079, 4066; load=1.28205
    %pushi/real 3559851, 4044; load=1.28205
    %add/wr;
    %ix/load 4, 22, 0;
    %store/reala v0x5d02539d0110, 4;
    %pushi/real 1927228909, 4066; load=1.79487
    %pushi/real 2687479, 4044; load=1.79487
    %add/wr;
    %ix/load 4, 23, 0;
    %store/reala v0x5d02539d0110, 4;
    %pushi/real 1238932875, 4067; load=2.30769
    %pushi/real 356880, 4045; load=2.30769
    %add/wr;
    %ix/load 4, 24, 0;
    %store/reala v0x5d02539d0110, 4;
    %pushi/real 1514251289, 4067; load=2.82051
    %pushi/real 4114997, 4045; load=2.82051
    %add/wr;
    %ix/load 4, 25, 0;
    %store/reala v0x5d02539d0110, 4;
    %pushi/real 1789569704, 4067; load=3.33333
    %pushi/real 3678811, 4045; load=3.33333
    %add/wr;
    %ix/load 4, 26, 0;
    %store/reala v0x5d02539d0110, 4;
    %pushi/real 2064888125, 4067; load=3.84615
    %pushi/real 594799, 4045; load=3.84615
    %add/wr;
    %ix/load 4, 27, 0;
    %store/reala v0x5d02539d0110, 4;
    %pushi/real 1170103270, 4068; load=4.35897
    %pushi/real 79307, 4046; load=4.35897
    %add/wr;
    %ix/load 4, 28, 0;
    %store/reala v0x5d02539d0110, 4;
    %pushi/real 1307762477, 4068; load=4.87179
    %pushi/real 1958366, 4046; load=4.87179
    %add/wr;
    %ix/load 4, 29, 0;
    %store/reala v0x5d02539d0110, 4;
    %pushi/real 1445421684, 4068; load=5.38462
    %pushi/real 3837424, 4046; load=5.38462
    %add/wr;
    %ix/load 4, 30, 0;
    %store/reala v0x5d02539d0110, 4;
    %pushi/real 1583080895, 4068; load=5.89744
    %pushi/real 198266, 4046; load=5.89744
    %add/wr;
    %ix/load 4, 31, 0;
    %store/reala v0x5d02539d0110, 4;
    %pushi/real 1720740102, 4068; load=6.41026
    %pushi/real 2077325, 4046; load=6.41026
    %add/wr;
    %ix/load 4, 32, 0;
    %store/reala v0x5d02539d0110, 4;
    %pushi/real 1858399309, 4068; load=6.92308
    %pushi/real 3956384, 4046; load=6.92308
    %add/wr;
    %ix/load 4, 33, 0;
    %store/reala v0x5d02539d0110, 4;
    %pushi/real 1996058520, 4068; load=7.43590
    %pushi/real 317226, 4046; load=7.43590
    %add/wr;
    %ix/load 4, 34, 0;
    %store/reala v0x5d02539d0110, 4;
    %pushi/real 2133717727, 4068; load=7.94872
    %pushi/real 2196285, 4046; load=7.94872
    %add/wr;
    %ix/load 4, 35, 0;
    %store/reala v0x5d02539d0110, 4;
    %pushi/real 1135688467, 4069; load=8.46154
    %pushi/real 2037672, 4047; load=8.46154
    %add/wr;
    %ix/load 4, 36, 0;
    %store/reala v0x5d02539d0110, 4;
    %pushi/real 1204518071, 4069; load=8.97436
    %pushi/real 880050, 4047; load=8.97436
    %add/wr;
    %ix/load 4, 37, 0;
    %store/reala v0x5d02539d0110, 4;
    %pushi/real 1273347676, 4069; load=9.48718
    %pushi/real 1157623, 4047; load=9.48718
    %add/wr;
    %ix/load 4, 38, 0;
    %store/reala v0x5d02539d0110, 4;
    %pushi/real 1342177280, 4069; load=10.0000
    %ix/load 4, 39, 0;
    %store/reala v0x5d02539d0110, 4;
    %pushi/vec4 0, 0, 1;
    %store/vec4 v0x5d02539cfb50_0, 0, 1;
    %pushi/vec4 0, 0, 1;
    %store/vec4 v0x5d02539cfd90_0, 0, 1;
    %pushi/vec4 0, 0, 1;
    %store/vec4 v0x5d02539cfe30_0, 0, 1;
    %pushi/vec4 0, 0, 16;
    %store/vec4 v0x5d02539cff70_0, 0, 16;
    %pushi/vec4 0, 0, 16;
    %store/vec4 v0x5d02539d0040_0, 0, 16;
    %delay 20000, 0;
    %pushi/vec4 1, 0, 1;
    %store/vec4 v0x5d02539cfd90_0, 0, 1;
    %vpi_call 2 85 "$display", "----------------------------------------------------------------" {0 0 0};
    %vpi_call 2 86 "$display", "|   Input X (Real)  | Lane |  HW Output Y (Real) |  Hex Output |" {0 0 0};
    %vpi_call 2 87 "$display", "----------------------------------------------------------------" {0 0 0};
    %pushi/vec4 0, 0, 32;
    %store/vec4 v0x5d02539cfc10_0, 0, 32;
T_7.0 ;
    %load/vec4 v0x5d02539cfc10_0;
    %cmpi/s 40, 0, 32;
    %jmp/0xz T_7.1, 5;
    %wait E_0x5d0253973540;
    %pushi/vec4 1, 0, 1;
    %store/vec4 v0x5d02539cfe30_0, 0, 1;
    %ix/getv/s 4, v0x5d02539cfc10_0;
    %load/ar v0x5d02539d0110, 4;
    %store/real v0x5d02539ad360_0;
    %callf/vec4 TD_sigmoid9slices_tb.to_fixed, S_0x5d0253990fb0;
    %store/vec4 v0x5d02539cff70_0, 0, 16;
    %load/vec4 v0x5d02539cfc10_0;
    %addi 1, 0, 32;
    %cmpi/s 40, 0, 32;
    %jmp/0xz  T_7.2, 5;
    %load/vec4 v0x5d02539cfc10_0;
    %pad/s 33;
    %addi 1, 0, 33;
    %ix/vec4/s 4;
    %load/ar v0x5d02539d0110, 4;
    %store/real v0x5d02539ad360_0;
    %callf/vec4 TD_sigmoid9slices_tb.to_fixed, S_0x5d0253990fb0;
    %store/vec4 v0x5d02539d0040_0, 0, 16;
    %jmp T_7.3;
T_7.2 ;
    %pushi/vec4 0, 0, 16;
    %store/vec4 v0x5d02539d0040_0, 0, 16;
T_7.3 ;
    %load/vec4 v0x5d02539cfc10_0;
    %addi 2, 0, 32;
    %store/vec4 v0x5d02539cfc10_0, 0, 32;
    %jmp T_7.0;
T_7.1 ;
    %wait E_0x5d0253973540;
    %pushi/vec4 0, 0, 1;
    %store/vec4 v0x5d02539cfe30_0, 0, 1;
    %delay 100000, 0;
    %vpi_call 2 112 "$finish" {0 0 0};
    %end;
    .thread T_7;
    .scope S_0x5d0253990e20;
T_8 ;
    %wait E_0x5d0253973540;
    %load/vec4 v0x5d02539cfed0_0;
    %flag_set/vec4 8;
    %jmp/0xz  T_8.0, 8;
    %load/vec4 v0x5d02539d01b0_0;
    %store/vec4 v0x5d02539a09f0_0, 0, 16;
    %callf/real TD_sigmoid9slices_tb.to_real, S_0x5d02539cca50;
    %vpi_call 2 123 "$display", "| %17.8f |  0   | %19.8f |     %h  |", &A<v0x5d02539d0110, v0x5d02539cfcd0_0 >, W<0,r>, v0x5d02539d01b0_0 {0 1 0};
    %load/vec4 v0x5d02539cfcd0_0;
    %pad/s 33;
    %addi 1, 0, 33;
    %ix/vec4/s 4;
    %load/ar v0x5d02539d0110, 4;
    %load/vec4 v0x5d02539d0280_0;
    %store/vec4 v0x5d02539a09f0_0, 0, 16;
    %callf/real TD_sigmoid9slices_tb.to_real, S_0x5d02539cca50;
    %vpi_call 2 127 "$display", "| %17.8f |  1   | %19.8f |     %h  |", W<1,r>, W<0,r>, v0x5d02539d0280_0 {0 2 0};
    %load/vec4 v0x5d02539cfcd0_0;
    %addi 2, 0, 32;
    %store/vec4 v0x5d02539cfcd0_0, 0, 32;
T_8.0 ;
    %jmp T_8;
    .thread T_8;
# The file index is used to find the file name in the following table.
:file_names 4;
    "N/A";
    "<interactive>";
    "sigmoid9slices_tb.v";
    "sigmoid9slices.v";
