#! /c/Source/iverilog-install/bin/vvp
:ivl_version "12.0 (devel)" "(s20150603-1539-g2693dd32b)";
:ivl_delay_selection "TYPICAL";
:vpi_time_precision - 12;
:vpi_module "C:\iverilog\lib\ivl\system.vpi";
:vpi_module "C:\iverilog\lib\ivl\vhdl_sys.vpi";
:vpi_module "C:\iverilog\lib\ivl\vhdl_textio.vpi";
:vpi_module "C:\iverilog\lib\ivl\v2005_math.vpi";
:vpi_module "C:\iverilog\lib\ivl\va_math.vpi";
S_0000026a85326c10 .scope module, "sigmoid7slices_tb" "sigmoid7slices_tb" 2 4;
 .timescale -9 -12;
v0000026a85382060_0 .var "clk", 0 0;
v0000026a85381ac0_0 .var/i "i", 31 0;
v0000026a85381fc0_0 .var/i "out_cnt", 31 0;
v0000026a85382240_0 .var "rst_n", 0 0;
v0000026a853822e0_0 .var "valid_in", 0 0;
v0000026a85382380_0 .net "valid_out", 0 0, v0000026a853824c0_0;  1 drivers
v0000026a853815c0_0 .var/s "x0_in", 15 0;
v0000026a85384150_0 .var/s "x1_in", 15 0;
v0000026a85383890 .array/real "x_py", 99 0;
v0000026a85383ed0_0 .net/s "y0_out", 15 0, v0000026a853818e0_0;  1 drivers
v0000026a85383250_0 .net/s "y1_out", 15 0, v0000026a85381980_0;  1 drivers
E_0000026a8531a2f0 .event posedge, v0000026a85310ee0_0;
S_0000026a85326da0 .scope function.vec4.u16, "to_fixed" "to_fixed" 2 35, 2 35 0, S_0000026a85326c10;
 .timescale -9 -12;
; Variable to_fixed is vec4 return value of scope S_0000026a85326da0
v0000026a85323db0_0 .var/real "val", 0 0;
TD_sigmoid7slices_tb.to_fixed ;
    %load/real v0000026a85323db0_0;
    %pushi/real 1073741824, 4077; load=2048.00
    %mul/wr;
    %vpi_func 2 38 "$rtoi" 32, W<0,r> {0 1 0};
    %pad/s 16;
    %ret/vec4 0, 0, 16;  Assign to to_fixed (store_vec4_to_lval)
    %end;
S_0000026a852f31f0 .scope function.real, "to_real" "to_real" 2 43, 2 43 0, S_0000026a85326c10;
 .timescale -9 -12;
; Variable to_real is REAL return value of scope S_0000026a852f31f0
v0000026a8547bf40_0 .var/s "val", 15 0;
TD_sigmoid7slices_tb.to_real ;
    %vpi_func/r 2 46 "$itor", v0000026a8547bf40_0 {0 0 0};
    %pushi/real 1073741824, 4077; load=2048.00
    %div/wr;
    %ret/real 0; Assign to to_real
    %end;
S_0000026a852f3380 .scope module, "uut" "sigmoid7slices" 2 20, 3 3 0, S_0000026a85326c10;
 .timescale -9 -12;
    .port_info 0 /INPUT 1 "clk";
    .port_info 1 /INPUT 1 "rst_n";
    .port_info 2 /INPUT 16 "x0_in";
    .port_info 3 /INPUT 16 "x1_in";
    .port_info 4 /INPUT 1 "valid_in";
    .port_info 5 /OUTPUT 16 "y0_out";
    .port_info 6 /OUTPUT 16 "y1_out";
    .port_info 7 /OUTPUT 1 "valid_out";
P_0000026a8537f0c0 .param/l "BP_N1" 1 3 27, +C4<1111100000000000>;
P_0000026a8537f0f8 .param/l "BP_N2" 1 3 26, +C4<1111000000000000>;
P_0000026a8537f130 .param/l "BP_N4" 1 3 25, +C4<1110000000000000>;
P_0000026a8537f168 .param/l "BP_N6" 1 3 24, +C4<1101000000000000>;
P_0000026a8537f1a0 .param/l "BP_P1" 1 3 29, +C4<0000100000000000>;
P_0000026a8537f1d8 .param/l "BP_P2" 1 3 30, +C4<0001000000000000>;
P_0000026a8537f210 .param/l "BP_P4" 1 3 31, +C4<0010000000000000>;
P_0000026a8537f248 .param/l "BP_P6" 1 3 32, +C4<0011000000000000>;
P_0000026a8537f280 .param/l "C_SEG1" 1 3 42, +C4<0000000001100100>;
P_0000026a8537f2b8 .param/l "C_SEG2" 1 3 43, +C4<0000000111000011>;
P_0000026a8537f2f0 .param/l "C_SEG3" 1 3 44, +C4<0000001101011001>;
P_0000026a8537f328 .param/l "C_SEG4" 1 3 47, +C4<0000010000000000>;
P_0000026a8537f360 .param/l "C_SEG5" 1 3 50, +C4<0000010010100111>;
P_0000026a8537f398 .param/l "C_SEG6" 1 3 51, +C4<0000011000111101>;
P_0000026a8537f3d0 .param/l "C_SEG7" 1 3 52, +C4<0000011110011100>;
P_0000026a8537f408 .param/l "M_CENTER" 1 3 35, +C4<0000000111011001>;
P_0000026a8537f440 .param/l "M_MID" 1 3 36, +C4<0000000100110011>;
P_0000026a8537f478 .param/l "M_OUTER" 1 3 37, +C4<0000000001101000>;
P_0000026a8537f4b0 .param/l "M_TAIL" 1 3 38, +C4<0000000000010000>;
P_0000026a8537f4e8 .param/l "SAT_HIGH" 1 3 56, +C4<0000011111111011>;
P_0000026a8537f520 .param/l "SAT_LOW" 1 3 55, +C4<0000000000000101>;
v0000026a85310ee0_0 .net "clk", 0 0, v0000026a85382060_0;  1 drivers
v0000026a852a2fc0_0 .var/s "mult_res0", 31 0;
v0000026a852f3510_0 .var/s "mult_res1", 31 0;
v0000026a852f35b0_0 .net "rst_n", 0 0, v0000026a85382240_0;  1 drivers
v0000026a853140e0_0 .var/s "s1_c0", 15 0;
v0000026a85314180_0 .var/s "s1_c1", 15 0;
v0000026a852a29c0_0 .var/s "s1_m0", 15 0;
v0000026a852a2a60_0 .var/s "s1_m1", 15 0;
v0000026a852a2b00_0 .var "s1_sat_high0", 0 0;
v0000026a852a2ba0_0 .var "s1_sat_high1", 0 0;
v0000026a85381700_0 .var "s1_sat_low0", 0 0;
v0000026a85381c00_0 .var "s1_sat_low1", 0 0;
v0000026a853817a0_0 .var "s1_valid", 0 0;
v0000026a85381660_0 .var/s "s1_x0", 15 0;
v0000026a85381b60_0 .var/s "s1_x1", 15 0;
v0000026a85382100_0 .var "s2_sat_high0", 0 0;
v0000026a85381ca0_0 .var "s2_sat_high1", 0 0;
v0000026a85381a20_0 .var "s2_sat_low0", 0 0;
v0000026a85381d40_0 .var "s2_sat_low1", 0 0;
v0000026a85381de0_0 .var "s2_valid", 0 0;
v0000026a85381840_0 .var/s "s2_y0", 15 0;
v0000026a85381e80_0 .var/s "s2_y1", 15 0;
v0000026a85382420_0 .net "valid_in", 0 0, v0000026a853822e0_0;  1 drivers
v0000026a853824c0_0 .var "valid_out", 0 0;
v0000026a853821a0_0 .net/s "x0_in", 15 0, v0000026a853815c0_0;  1 drivers
v0000026a85381f20_0 .net/s "x1_in", 15 0, v0000026a85384150_0;  1 drivers
v0000026a853818e0_0 .var/s "y0_out", 15 0;
v0000026a85381980_0 .var/s "y1_out", 15 0;
E_0000026a8531a3b0/0 .event negedge, v0000026a852f35b0_0;
E_0000026a8531a3b0/1 .event posedge, v0000026a85310ee0_0;
E_0000026a8531a3b0 .event/or E_0000026a8531a3b0/0, E_0000026a8531a3b0/1;
    .scope S_0000026a852f3380;
T_2 ;
    %wait E_0000026a8531a3b0;
    %load/vec4 v0000026a852f35b0_0;
    %nor/r;
    %flag_set/vec4 8;
    %jmp/0xz  T_2.0, 8;
    %pushi/vec4 0, 0, 1;
    %assign/vec4 v0000026a853817a0_0, 0;
    %pushi/vec4 0, 0, 16;
    %assign/vec4 v0000026a85381660_0, 0;
    %pushi/vec4 0, 0, 16;
    %assign/vec4 v0000026a85381b60_0, 0;
    %pushi/vec4 0, 0, 16;
    %assign/vec4 v0000026a852a29c0_0, 0;
    %pushi/vec4 0, 0, 16;
    %assign/vec4 v0000026a853140e0_0, 0;
    %pushi/vec4 0, 0, 1;
    %assign/vec4 v0000026a85381700_0, 0;
    %pushi/vec4 0, 0, 1;
    %assign/vec4 v0000026a852a2b00_0, 0;
    %pushi/vec4 0, 0, 16;
    %assign/vec4 v0000026a852a2a60_0, 0;
    %pushi/vec4 0, 0, 16;
    %assign/vec4 v0000026a85314180_0, 0;
    %pushi/vec4 0, 0, 1;
    %assign/vec4 v0000026a85381c00_0, 0;
    %pushi/vec4 0, 0, 1;
    %assign/vec4 v0000026a852a2ba0_0, 0;
    %jmp T_2.1;
T_2.0 ;
    %load/vec4 v0000026a85382420_0;
    %assign/vec4 v0000026a853817a0_0, 0;
    %load/vec4 v0000026a853821a0_0;
    %assign/vec4 v0000026a85381660_0, 0;
    %load/vec4 v0000026a85381f20_0;
    %assign/vec4 v0000026a85381b60_0, 0;
    %load/vec4 v0000026a853821a0_0;
    %cmpi/s 53248, 0, 16;
    %jmp/0xz  T_2.2, 5;
    %pushi/vec4 1, 0, 1;
    %assign/vec4 v0000026a85381700_0, 0;
    %pushi/vec4 0, 0, 1;
    %assign/vec4 v0000026a852a2b00_0, 0;
    %pushi/vec4 0, 0, 16;
    %assign/vec4 v0000026a852a29c0_0, 0;
    %pushi/vec4 0, 0, 16;
    %assign/vec4 v0000026a853140e0_0, 0;
    %jmp T_2.3;
T_2.2 ;
    %load/vec4 v0000026a853821a0_0;
    %cmpi/s 12288, 0, 16;
    %flag_or 5, 4; GT is !LE
    %flag_inv 5;
    %jmp/0xz  T_2.4, 5;
    %pushi/vec4 0, 0, 1;
    %assign/vec4 v0000026a85381700_0, 0;
    %pushi/vec4 1, 0, 1;
    %assign/vec4 v0000026a852a2b00_0, 0;
    %pushi/vec4 0, 0, 16;
    %assign/vec4 v0000026a852a29c0_0, 0;
    %pushi/vec4 0, 0, 16;
    %assign/vec4 v0000026a853140e0_0, 0;
    %jmp T_2.5;
T_2.4 ;
    %pushi/vec4 0, 0, 1;
    %assign/vec4 v0000026a85381700_0, 0;
    %pushi/vec4 0, 0, 1;
    %assign/vec4 v0000026a852a2b00_0, 0;
    %load/vec4 v0000026a853821a0_0;
    %cmpi/s 57344, 0, 16;
    %jmp/0xz  T_2.6, 5;
    %pushi/vec4 16, 0, 16;
    %assign/vec4 v0000026a852a29c0_0, 0;
    %pushi/vec4 100, 0, 16;
    %assign/vec4 v0000026a853140e0_0, 0;
    %jmp T_2.7;
T_2.6 ;
    %load/vec4 v0000026a853821a0_0;
    %cmpi/s 61440, 0, 16;
    %jmp/0xz  T_2.8, 5;
    %pushi/vec4 104, 0, 16;
    %assign/vec4 v0000026a852a29c0_0, 0;
    %pushi/vec4 451, 0, 16;
    %assign/vec4 v0000026a853140e0_0, 0;
    %jmp T_2.9;
T_2.8 ;
    %load/vec4 v0000026a853821a0_0;
    %cmpi/s 63488, 0, 16;
    %jmp/0xz  T_2.10, 5;
    %pushi/vec4 307, 0, 16;
    %assign/vec4 v0000026a852a29c0_0, 0;
    %pushi/vec4 857, 0, 16;
    %assign/vec4 v0000026a853140e0_0, 0;
    %jmp T_2.11;
T_2.10 ;
    %load/vec4 v0000026a853821a0_0;
    %cmpi/s 2048, 0, 16;
    %jmp/0xz  T_2.12, 5;
    %pushi/vec4 473, 0, 16;
    %assign/vec4 v0000026a852a29c0_0, 0;
    %pushi/vec4 1024, 0, 16;
    %assign/vec4 v0000026a853140e0_0, 0;
    %jmp T_2.13;
T_2.12 ;
    %load/vec4 v0000026a853821a0_0;
    %cmpi/s 4096, 0, 16;
    %jmp/0xz  T_2.14, 5;
    %pushi/vec4 307, 0, 16;
    %assign/vec4 v0000026a852a29c0_0, 0;
    %pushi/vec4 1191, 0, 16;
    %assign/vec4 v0000026a853140e0_0, 0;
    %jmp T_2.15;
T_2.14 ;
    %load/vec4 v0000026a853821a0_0;
    %cmpi/s 8192, 0, 16;
    %jmp/0xz  T_2.16, 5;
    %pushi/vec4 104, 0, 16;
    %assign/vec4 v0000026a852a29c0_0, 0;
    %pushi/vec4 1597, 0, 16;
    %assign/vec4 v0000026a853140e0_0, 0;
    %jmp T_2.17;
T_2.16 ;
    %pushi/vec4 16, 0, 16;
    %assign/vec4 v0000026a852a29c0_0, 0;
    %pushi/vec4 1948, 0, 16;
    %assign/vec4 v0000026a853140e0_0, 0;
T_2.17 ;
T_2.15 ;
T_2.13 ;
T_2.11 ;
T_2.9 ;
T_2.7 ;
T_2.5 ;
T_2.3 ;
    %load/vec4 v0000026a85381f20_0;
    %cmpi/s 53248, 0, 16;
    %jmp/0xz  T_2.18, 5;
    %pushi/vec4 1, 0, 1;
    %assign/vec4 v0000026a85381c00_0, 0;
    %pushi/vec4 0, 0, 1;
    %assign/vec4 v0000026a852a2ba0_0, 0;
    %pushi/vec4 0, 0, 16;
    %assign/vec4 v0000026a852a2a60_0, 0;
    %pushi/vec4 0, 0, 16;
    %assign/vec4 v0000026a85314180_0, 0;
    %jmp T_2.19;
T_2.18 ;
    %load/vec4 v0000026a85381f20_0;
    %cmpi/s 12288, 0, 16;
    %flag_or 5, 4; GT is !LE
    %flag_inv 5;
    %jmp/0xz  T_2.20, 5;
    %pushi/vec4 0, 0, 1;
    %assign/vec4 v0000026a85381c00_0, 0;
    %pushi/vec4 1, 0, 1;
    %assign/vec4 v0000026a852a2ba0_0, 0;
    %pushi/vec4 0, 0, 16;
    %assign/vec4 v0000026a852a2a60_0, 0;
    %pushi/vec4 0, 0, 16;
    %assign/vec4 v0000026a85314180_0, 0;
    %jmp T_2.21;
T_2.20 ;
    %pushi/vec4 0, 0, 1;
    %assign/vec4 v0000026a85381c00_0, 0;
    %pushi/vec4 0, 0, 1;
    %assign/vec4 v0000026a852a2ba0_0, 0;
    %load/vec4 v0000026a85381f20_0;
    %cmpi/s 57344, 0, 16;
    %jmp/0xz  T_2.22, 5;
    %pushi/vec4 16, 0, 16;
    %assign/vec4 v0000026a852a2a60_0, 0;
    %pushi/vec4 100, 0, 16;
    %assign/vec4 v0000026a85314180_0, 0;
    %jmp T_2.23;
T_2.22 ;
    %load/vec4 v0000026a85381f20_0;
    %cmpi/s 61440, 0, 16;
    %jmp/0xz  T_2.24, 5;
    %pushi/vec4 104, 0, 16;
    %assign/vec4 v0000026a852a2a60_0, 0;
    %pushi/vec4 451, 0, 16;
    %assign/vec4 v0000026a85314180_0, 0;
    %jmp T_2.25;
T_2.24 ;
    %load/vec4 v0000026a85381f20_0;
    %cmpi/s 63488, 0, 16;
    %jmp/0xz  T_2.26, 5;
    %pushi/vec4 307, 0, 16;
    %assign/vec4 v0000026a852a2a60_0, 0;
    %pushi/vec4 857, 0, 16;
    %assign/vec4 v0000026a85314180_0, 0;
    %jmp T_2.27;
T_2.26 ;
    %load/vec4 v0000026a85381f20_0;
    %cmpi/s 2048, 0, 16;
    %jmp/0xz  T_2.28, 5;
    %pushi/vec4 473, 0, 16;
    %assign/vec4 v0000026a852a2a60_0, 0;
    %pushi/vec4 1024, 0, 16;
    %assign/vec4 v0000026a85314180_0, 0;
    %jmp T_2.29;
T_2.28 ;
    %load/vec4 v0000026a85381f20_0;
    %cmpi/s 4096, 0, 16;
    %jmp/0xz  T_2.30, 5;
    %pushi/vec4 307, 0, 16;
    %assign/vec4 v0000026a852a2a60_0, 0;
    %pushi/vec4 1191, 0, 16;
    %assign/vec4 v0000026a85314180_0, 0;
    %jmp T_2.31;
T_2.30 ;
    %load/vec4 v0000026a85381f20_0;
    %cmpi/s 8192, 0, 16;
    %jmp/0xz  T_2.32, 5;
    %pushi/vec4 104, 0, 16;
    %assign/vec4 v0000026a852a2a60_0, 0;
    %pushi/vec4 1597, 0, 16;
    %assign/vec4 v0000026a85314180_0, 0;
    %jmp T_2.33;
T_2.32 ;
    %pushi/vec4 16, 0, 16;
    %assign/vec4 v0000026a852a2a60_0, 0;
    %pushi/vec4 1948, 0, 16;
    %assign/vec4 v0000026a85314180_0, 0;
T_2.33 ;
T_2.31 ;
T_2.29 ;
T_2.27 ;
T_2.25 ;
T_2.23 ;
T_2.21 ;
T_2.19 ;
T_2.1 ;
    %jmp T_2;
    .thread T_2;
    .scope S_0000026a852f3380;
T_3 ;
    %wait E_0000026a8531a3b0;
    %load/vec4 v0000026a852f35b0_0;
    %nor/r;
    %flag_set/vec4 8;
    %jmp/0xz  T_3.0, 8;
    %pushi/vec4 0, 0, 1;
    %assign/vec4 v0000026a85381de0_0, 0;
    %pushi/vec4 0, 0, 16;
    %assign/vec4 v0000026a85381840_0, 0;
    %pushi/vec4 0, 0, 16;
    %assign/vec4 v0000026a85381e80_0, 0;
    %pushi/vec4 0, 0, 1;
    %assign/vec4 v0000026a85381a20_0, 0;
    %pushi/vec4 0, 0, 1;
    %assign/vec4 v0000026a85382100_0, 0;
    %pushi/vec4 0, 0, 1;
    %assign/vec4 v0000026a85381d40_0, 0;
    %pushi/vec4 0, 0, 1;
    %assign/vec4 v0000026a85381ca0_0, 0;
    %jmp T_3.1;
T_3.0 ;
    %load/vec4 v0000026a853817a0_0;
    %assign/vec4 v0000026a85381de0_0, 0;
    %load/vec4 v0000026a85381700_0;
    %assign/vec4 v0000026a85381a20_0, 0;
    %load/vec4 v0000026a852a2b00_0;
    %assign/vec4 v0000026a85382100_0, 0;
    %load/vec4 v0000026a85381c00_0;
    %assign/vec4 v0000026a85381d40_0, 0;
    %load/vec4 v0000026a852a2ba0_0;
    %assign/vec4 v0000026a85381ca0_0, 0;
    %load/vec4 v0000026a852a29c0_0;
    %pad/s 32;
    %load/vec4 v0000026a85381660_0;
    %pad/s 32;
    %mul;
    %store/vec4 v0000026a852a2fc0_0, 0, 32;
    %load/vec4 v0000026a852a2fc0_0;
    %ix/load 4, 11, 0;
    %flag_set/imm 4, 0;
    %shiftr/s 4;
    %load/vec4 v0000026a853140e0_0;
    %pad/s 32;
    %add;
    %pad/s 16;
    %assign/vec4 v0000026a85381840_0, 0;
    %load/vec4 v0000026a852a2a60_0;
    %pad/s 32;
    %load/vec4 v0000026a85381b60_0;
    %pad/s 32;
    %mul;
    %store/vec4 v0000026a852f3510_0, 0, 32;
    %load/vec4 v0000026a852f3510_0;
    %ix/load 4, 11, 0;
    %flag_set/imm 4, 0;
    %shiftr/s 4;
    %load/vec4 v0000026a85314180_0;
    %pad/s 32;
    %add;
    %pad/s 16;
    %assign/vec4 v0000026a85381e80_0, 0;
T_3.1 ;
    %jmp T_3;
    .thread T_3;
    .scope S_0000026a852f3380;
T_4 ;
    %wait E_0000026a8531a3b0;
    %load/vec4 v0000026a852f35b0_0;
    %nor/r;
    %flag_set/vec4 8;
    %jmp/0xz  T_4.0, 8;
    %pushi/vec4 0, 0, 1;
    %assign/vec4 v0000026a853824c0_0, 0;
    %pushi/vec4 0, 0, 16;
    %assign/vec4 v0000026a853818e0_0, 0;
    %pushi/vec4 0, 0, 16;
    %assign/vec4 v0000026a85381980_0, 0;
    %jmp T_4.1;
T_4.0 ;
    %load/vec4 v0000026a85381de0_0;
    %assign/vec4 v0000026a853824c0_0, 0;
    %load/vec4 v0000026a85381a20_0;
    %flag_set/vec4 8;
    %jmp/0xz  T_4.2, 8;
    %pushi/vec4 5, 0, 16;
    %assign/vec4 v0000026a853818e0_0, 0;
    %jmp T_4.3;
T_4.2 ;
    %load/vec4 v0000026a85382100_0;
    %flag_set/vec4 8;
    %jmp/0xz  T_4.4, 8;
    %pushi/vec4 2043, 0, 16;
    %assign/vec4 v0000026a853818e0_0, 0;
    %jmp T_4.5;
T_4.4 ;
    %load/vec4 v0000026a85381840_0;
    %assign/vec4 v0000026a853818e0_0, 0;
T_4.5 ;
T_4.3 ;
    %load/vec4 v0000026a85381d40_0;
    %flag_set/vec4 8;
    %jmp/0xz  T_4.6, 8;
    %pushi/vec4 5, 0, 16;
    %assign/vec4 v0000026a85381980_0, 0;
    %jmp T_4.7;
T_4.6 ;
    %load/vec4 v0000026a85381ca0_0;
    %flag_set/vec4 8;
    %jmp/0xz  T_4.8, 8;
    %pushi/vec4 2043, 0, 16;
    %assign/vec4 v0000026a85381980_0, 0;
    %jmp T_4.9;
T_4.8 ;
    %load/vec4 v0000026a85381e80_0;
    %assign/vec4 v0000026a85381980_0, 0;
T_4.9 ;
T_4.7 ;
T_4.1 ;
    %jmp T_4;
    .thread T_4;
    .scope S_0000026a85326c10;
T_5 ;
    %pushi/vec4 0, 0, 32;
    %store/vec4 v0000026a85381fc0_0, 0, 32;
    %end;
    .thread T_5;
    .scope S_0000026a85326c10;
T_6 ;
    %delay 5000, 0;
    %load/vec4 v0000026a85382060_0;
    %inv;
    %store/vec4 v0000026a85382060_0, 0, 1;
    %jmp T_6;
    .thread T_6;
    .scope S_0000026a85326c10;
T_7 ;
    %vpi_call 2 52 "$dumpfile", "sigmoid7slices_tb.vcd" {0 0 0};
    %vpi_call 2 53 "$dumpvars", 32'sb00000000000000000000000000000000, S_0000026a85326c10 {0 0 0};
    %pushi/real 1342177280, 20453; load=-10.0000
    %ix/load 4, 0, 0;
    %flag_set/imm 4, 0;
    %store/reala v0000026a85383890, 4;
    %pushi/real 1315062587, 20453; load=-9.79798
    %pushi/real 3128508, 20431; load=-9.79798
    %add/wr;
    %ix/load 4, 1, 0;
    %flag_set/imm 4, 0;
    %store/reala v0000026a85383890, 4;
    %pushi/real 1287947895, 20453; load=-9.59596
    %pushi/real 2062712, 20431; load=-9.59596
    %add/wr;
    %ix/load 4, 2, 0;
    %flag_set/imm 4, 0;
    %store/reala v0000026a85383890, 4;
    %pushi/real 1260833201, 20453; load=-9.39394
    %pushi/real 3756024, 20431; load=-9.39394
    %add/wr;
    %ix/load 4, 3, 0;
    %flag_set/imm 4, 0;
    %store/reala v0000026a85383890, 4;
    %pushi/real 1233718509, 20453; load=-9.19192
    %pushi/real 2690228, 20431; load=-9.19192
    %add/wr;
    %ix/load 4, 4, 0;
    %flag_set/imm 4, 0;
    %store/reala v0000026a85383890, 4;
    %pushi/real 1206603817, 20453; load=-8.98990
    %pushi/real 1624432, 20431; load=-8.98990
    %add/wr;
    %ix/load 4, 5, 0;
    %flag_set/imm 4, 0;
    %store/reala v0000026a85383890, 4;
    %pushi/real 1179489125, 20453; load=-8.78788
    %pushi/real 558636, 20431; load=-8.78788
    %add/wr;
    %ix/load 4, 6, 0;
    %flag_set/imm 4, 0;
    %store/reala v0000026a85383890, 4;
    %pushi/real 1152374432, 20453; load=-8.58586
    %pushi/real 3687144, 20431; load=-8.58586
    %add/wr;
    %ix/load 4, 7, 0;
    %flag_set/imm 4, 0;
    %store/reala v0000026a85383890, 4;
    %pushi/real 1125259739, 20453; load=-8.38384
    %pushi/real 1186152, 20431; load=-8.38384
    %add/wr;
    %ix/load 4, 8, 0;
    %flag_set/imm 4, 0;
    %store/reala v0000026a85383890, 4;
    %pushi/real 1098145047, 20453; load=-8.18182
    %pushi/real 120356, 20431; load=-8.18182
    %add/wr;
    %ix/load 4, 9, 0;
    %flag_set/imm 4, 0;
    %store/reala v0000026a85383890, 4;
    %pushi/real 2142060709, 20452; load=-7.97980
    %pushi/real 2303423, 20430; load=-7.97980
    %add/wr;
    %ix/load 4, 10, 0;
    %flag_set/imm 4, 0;
    %store/reala v0000026a85383890, 4;
    %pushi/real 2087831325, 20452; load=-7.77778
    %pushi/real 171831, 20430; load=-7.77778
    %add/wr;
    %ix/load 4, 11, 0;
    %flag_set/imm 4, 0;
    %store/reala v0000026a85383890, 4;
    %pushi/real 2033601940, 20452; load=-7.57576
    %pushi/real 2234543, 20430; load=-7.57576
    %add/wr;
    %ix/load 4, 12, 0;
    %flag_set/imm 4, 0;
    %store/reala v0000026a85383890, 4;
    %pushi/real 1979372553, 20452; load=-7.37374
    %pushi/real 1426863, 20430; load=-7.37374
    %add/wr;
    %ix/load 4, 13, 0;
    %flag_set/imm 4, 0;
    %store/reala v0000026a85383890, 4;
    %pushi/real 1925143168, 20452; load=-7.17172
    %pushi/real 3489575, 20430; load=-7.17172
    %add/wr;
    %ix/load 4, 14, 0;
    %flag_set/imm 4, 0;
    %store/reala v0000026a85383890, 4;
    %pushi/real 1870913784, 20452; load=-6.96970
    %pushi/real 1357983, 20430; load=-6.96970
    %add/wr;
    %ix/load 4, 15, 0;
    %flag_set/imm 4, 0;
    %store/reala v0000026a85383890, 4;
    %pushi/real 1816684399, 20452; load=-6.76768
    %pushi/real 3420694, 20430; load=-6.76768
    %add/wr;
    %ix/load 4, 16, 0;
    %flag_set/imm 4, 0;
    %store/reala v0000026a85383890, 4;
    %pushi/real 1762455015, 20452; load=-6.56566
    %pushi/real 1289102, 20430; load=-6.56566
    %add/wr;
    %ix/load 4, 17, 0;
    %flag_set/imm 4, 0;
    %store/reala v0000026a85383890, 4;
    %pushi/real 1708225628, 20452; load=-6.36364
    %pushi/real 481423, 20430; load=-6.36364
    %add/wr;
    %ix/load 4, 18, 0;
    %flag_set/imm 4, 0;
    %store/reala v0000026a85383890, 4;
    %pushi/real 1653996243, 20452; load=-6.16162
    %pushi/real 2544135, 20430; load=-6.16162
    %add/wr;
    %ix/load 4, 19, 0;
    %flag_set/imm 4, 0;
    %store/reala v0000026a85383890, 4;
    %pushi/real 1599766859, 20452; load=-5.95960
    %pushi/real 412542, 20430; load=-5.95960
    %add/wr;
    %ix/load 4, 20, 0;
    %flag_set/imm 4, 0;
    %store/reala v0000026a85383890, 4;
    %pushi/real 1545537474, 20452; load=-5.75758
    %pushi/real 2475254, 20430; load=-5.75758
    %add/wr;
    %ix/load 4, 21, 0;
    %flag_set/imm 4, 0;
    %store/reala v0000026a85383890, 4;
    %pushi/real 1491308090, 20452; load=-5.55556
    %pushi/real 343662, 20430; load=-5.55556
    %add/wr;
    %ix/load 4, 22, 0;
    %flag_set/imm 4, 0;
    %store/reala v0000026a85383890, 4;
    %pushi/real 1437078702, 20452; load=-5.35354
    %pushi/real 3730286, 20430; load=-5.35354
    %add/wr;
    %ix/load 4, 23, 0;
    %flag_set/imm 4, 0;
    %store/reala v0000026a85383890, 4;
    %pushi/real 1382849318, 20452; load=-5.15152
    %pushi/real 1598694, 20430; load=-5.15152
    %add/wr;
    %ix/load 4, 24, 0;
    %flag_set/imm 4, 0;
    %store/reala v0000026a85383890, 4;
    %pushi/real 1328619933, 20452; load=-4.94949
    %pushi/real 3661406, 20430; load=-4.94949
    %add/wr;
    %ix/load 4, 25, 0;
    %flag_set/imm 4, 0;
    %store/reala v0000026a85383890, 4;
    %pushi/real 1274390549, 20452; load=-4.74747
    %pushi/real 1529814, 20430; load=-4.74747
    %add/wr;
    %ix/load 4, 26, 0;
    %flag_set/imm 4, 0;
    %store/reala v0000026a85383890, 4;
    %pushi/real 1220161164, 20452; load=-4.54545
    %pushi/real 3592525, 20430; load=-4.54545
    %add/wr;
    %ix/load 4, 27, 0;
    %flag_set/imm 4, 0;
    %store/reala v0000026a85383890, 4;
    %pushi/real 1165931777, 20452; load=-4.34343
    %pushi/real 2784846, 20430; load=-4.34343
    %add/wr;
    %ix/load 4, 28, 0;
    %flag_set/imm 4, 0;
    %store/reala v0000026a85383890, 4;
    %pushi/real 1111702393, 20452; load=-4.14141
    %pushi/real 653254, 20430; load=-4.14141
    %add/wr;
    %ix/load 4, 29, 0;
    %flag_set/imm 4, 0;
    %store/reala v0000026a85383890, 4;
    %pushi/real 2114946017, 20451; load=-3.93939
    %pushi/real 1237627, 20429; load=-3.93939
    %add/wr;
    %ix/load 4, 30, 0;
    %flag_set/imm 4, 0;
    %store/reala v0000026a85383890, 4;
    %pushi/real 2006487248, 20451; load=-3.73737
    %pushi/real 1168747, 20429; load=-3.73737
    %add/wr;
    %ix/load 4, 31, 0;
    %flag_set/imm 4, 0;
    %store/reala v0000026a85383890, 4;
    %pushi/real 1898028479, 20451; load=-3.53535
    %pushi/real 1099866, 20429; load=-3.53535
    %add/wr;
    %ix/load 4, 32, 0;
    %flag_set/imm 4, 0;
    %store/reala v0000026a85383890, 4;
    %pushi/real 1789569704, 20451; load=-3.33333
    %pushi/real 3678811, 20429; load=-3.33333
    %add/wr;
    %ix/load 4, 33, 0;
    %flag_set/imm 4, 0;
    %store/reala v0000026a85383890, 4;
    %pushi/real 1681110935, 20451; load=-3.13131
    %pushi/real 3609931, 20429; load=-3.13131
    %add/wr;
    %ix/load 4, 34, 0;
    %flag_set/imm 4, 0;
    %store/reala v0000026a85383890, 4;
    %pushi/real 1572652166, 20451; load=-2.92929
    %pushi/real 3541050, 20429; load=-2.92929
    %add/wr;
    %ix/load 4, 35, 0;
    %flag_set/imm 4, 0;
    %store/reala v0000026a85383890, 4;
    %pushi/real 1464193397, 20451; load=-2.72727
    %pushi/real 3472170, 20429; load=-2.72727
    %add/wr;
    %ix/load 4, 36, 0;
    %flag_set/imm 4, 0;
    %store/reala v0000026a85383890, 4;
    %pushi/real 1355734628, 20451; load=-2.52525
    %pushi/real 3403289, 20429; load=-2.52525
    %add/wr;
    %ix/load 4, 37, 0;
    %flag_set/imm 4, 0;
    %store/reala v0000026a85383890, 4;
    %pushi/real 1247275854, 20451; load=-2.32323
    %pushi/real 1787930, 20429; load=-2.32323
    %add/wr;
    %ix/load 4, 38, 0;
    %flag_set/imm 4, 0;
    %store/reala v0000026a85383890, 4;
    %pushi/real 1138817085, 20451; load=-2.12121
    %pushi/real 1719050, 20429; load=-2.12121
    %add/wr;
    %ix/load 4, 39, 0;
    %flag_set/imm 4, 0;
    %store/reala v0000026a85383890, 4;
    %pushi/real 2060716632, 20450; load=-1.91919
    %pushi/real 3300339, 20428; load=-1.91919
    %add/wr;
    %ix/load 4, 40, 0;
    %flag_set/imm 4, 0;
    %store/reala v0000026a85383890, 4;
    %pushi/real 1843799094, 20450; load=-1.71717
    %pushi/real 3162578, 20428; load=-1.71717
    %add/wr;
    %ix/load 4, 41, 0;
    %flag_set/imm 4, 0;
    %store/reala v0000026a85383890, 4;
    %pushi/real 1626881556, 20450; load=-1.51515
    %pushi/real 3024817, 20428; load=-1.51515
    %add/wr;
    %ix/load 4, 42, 0;
    %flag_set/imm 4, 0;
    %store/reala v0000026a85383890, 4;
    %pushi/real 1409964007, 20450; load=-1.31313
    %pushi/real 3988403, 20428; load=-1.31313
    %add/wr;
    %ix/load 4, 43, 0;
    %flag_set/imm 4, 0;
    %store/reala v0000026a85383890, 4;
    %pushi/real 1193046469, 20450; load=-1.11111
    %pushi/real 3850642, 20428; load=-1.11111
    %add/wr;
    %ix/load 4, 44, 0;
    %flag_set/imm 4, 0;
    %store/reala v0000026a85383890, 4;
    %pushi/real 1952257863, 20449; load=-0.909091
    %pushi/real 3231458, 20427; load=-0.909091
    %add/wr;
    %ix/load 4, 45, 0;
    %flag_set/imm 4, 0;
    %store/reala v0000026a85383890, 4;
    %pushi/real 1518422787, 20449; load=-0.707071
    %pushi/real 2955936, 20427; load=-0.707071
    %add/wr;
    %ix/load 4, 46, 0;
    %flag_set/imm 4, 0;
    %store/reala v0000026a85383890, 4;
    %pushi/real 1084587711, 20449; load=-0.505051
    %pushi/real 2680414, 20427; load=-0.505051
    %add/wr;
    %ix/load 4, 47, 0;
    %flag_set/imm 4, 0;
    %store/reala v0000026a85383890, 4;
    %pushi/real 1301505228, 20448; load=-0.303030
    %pushi/real 826566, 20426; load=-0.303030
    %add/wr;
    %ix/load 4, 48, 0;
    %flag_set/imm 4, 0;
    %store/reala v0000026a85383890, 4;
    %pushi/real 1735340304, 20446; load=-0.101010
    %pushi/real 1102089, 20424; load=-0.101010
    %add/wr;
    %ix/load 4, 49, 0;
    %flag_set/imm 4, 0;
    %store/reala v0000026a85383890, 4;
    %pushi/real 1735340304, 4062; load=0.101010
    %pushi/real 1102089, 4040; load=0.101010
    %add/wr;
    %ix/load 4, 50, 0;
    %flag_set/imm 4, 0;
    %store/reala v0000026a85383890, 4;
    %pushi/real 1301505228, 4064; load=0.303030
    %pushi/real 826566, 4042; load=0.303030
    %add/wr;
    %ix/load 4, 51, 0;
    %flag_set/imm 4, 0;
    %store/reala v0000026a85383890, 4;
    %pushi/real 1084587711, 4065; load=0.505051
    %pushi/real 2680414, 4043; load=0.505051
    %add/wr;
    %ix/load 4, 52, 0;
    %flag_set/imm 4, 0;
    %store/reala v0000026a85383890, 4;
    %pushi/real 1518422787, 4065; load=0.707071
    %pushi/real 2955936, 4043; load=0.707071
    %add/wr;
    %ix/load 4, 53, 0;
    %flag_set/imm 4, 0;
    %store/reala v0000026a85383890, 4;
    %pushi/real 1952257863, 4065; load=0.909091
    %pushi/real 3231458, 4043; load=0.909091
    %add/wr;
    %ix/load 4, 54, 0;
    %flag_set/imm 4, 0;
    %store/reala v0000026a85383890, 4;
    %pushi/real 1193046469, 4066; load=1.11111
    %pushi/real 3850642, 4044; load=1.11111
    %add/wr;
    %ix/load 4, 55, 0;
    %flag_set/imm 4, 0;
    %store/reala v0000026a85383890, 4;
    %pushi/real 1409964007, 4066; load=1.31313
    %pushi/real 3988403, 4044; load=1.31313
    %add/wr;
    %ix/load 4, 56, 0;
    %flag_set/imm 4, 0;
    %store/reala v0000026a85383890, 4;
    %pushi/real 1626881556, 4066; load=1.51515
    %pushi/real 3024817, 4044; load=1.51515
    %add/wr;
    %ix/load 4, 57, 0;
    %flag_set/imm 4, 0;
    %store/reala v0000026a85383890, 4;
    %pushi/real 1843799094, 4066; load=1.71717
    %pushi/real 3162578, 4044; load=1.71717
    %add/wr;
    %ix/load 4, 58, 0;
    %flag_set/imm 4, 0;
    %store/reala v0000026a85383890, 4;
    %pushi/real 2060716632, 4066; load=1.91919
    %pushi/real 3300339, 4044; load=1.91919
    %add/wr;
    %ix/load 4, 59, 0;
    %flag_set/imm 4, 0;
    %store/reala v0000026a85383890, 4;
    %pushi/real 1138817085, 4067; load=2.12121
    %pushi/real 1719050, 4045; load=2.12121
    %add/wr;
    %ix/load 4, 60, 0;
    %flag_set/imm 4, 0;
    %store/reala v0000026a85383890, 4;
    %pushi/real 1247275854, 4067; load=2.32323
    %pushi/real 1787930, 4045; load=2.32323
    %add/wr;
    %ix/load 4, 61, 0;
    %flag_set/imm 4, 0;
    %store/reala v0000026a85383890, 4;
    %pushi/real 1355734628, 4067; load=2.52525
    %pushi/real 3403289, 4045; load=2.52525
    %add/wr;
    %ix/load 4, 62, 0;
    %flag_set/imm 4, 0;
    %store/reala v0000026a85383890, 4;
    %pushi/real 1464193397, 4067; load=2.72727
    %pushi/real 3472170, 4045; load=2.72727
    %add/wr;
    %ix/load 4, 63, 0;
    %flag_set/imm 4, 0;
    %store/reala v0000026a85383890, 4;
    %pushi/real 1572652166, 4067; load=2.92929
    %pushi/real 3541050, 4045; load=2.92929
    %add/wr;
    %ix/load 4, 64, 0;
    %flag_set/imm 4, 0;
    %store/reala v0000026a85383890, 4;
    %pushi/real 1681110935, 4067; load=3.13131
    %pushi/real 3609931, 4045; load=3.13131
    %add/wr;
    %ix/load 4, 65, 0;
    %flag_set/imm 4, 0;
    %store/reala v0000026a85383890, 4;
    %pushi/real 1789569704, 4067; load=3.33333
    %pushi/real 3678811, 4045; load=3.33333
    %add/wr;
    %ix/load 4, 66, 0;
    %flag_set/imm 4, 0;
    %store/reala v0000026a85383890, 4;
    %pushi/real 1898028479, 4067; load=3.53535
    %pushi/real 1099866, 4045; load=3.53535
    %add/wr;
    %ix/load 4, 67, 0;
    %flag_set/imm 4, 0;
    %store/reala v0000026a85383890, 4;
    %pushi/real 2006487248, 4067; load=3.73737
    %pushi/real 1168747, 4045; load=3.73737
    %add/wr;
    %ix/load 4, 68, 0;
    %flag_set/imm 4, 0;
    %store/reala v0000026a85383890, 4;
    %pushi/real 2114946017, 4067; load=3.93939
    %pushi/real 1237627, 4045; load=3.93939
    %add/wr;
    %ix/load 4, 69, 0;
    %flag_set/imm 4, 0;
    %store/reala v0000026a85383890, 4;
    %pushi/real 1111702393, 4068; load=4.14141
    %pushi/real 653254, 4046; load=4.14141
    %add/wr;
    %ix/load 4, 70, 0;
    %flag_set/imm 4, 0;
    %store/reala v0000026a85383890, 4;
    %pushi/real 1165931777, 4068; load=4.34343
    %pushi/real 2784846, 4046; load=4.34343
    %add/wr;
    %ix/load 4, 71, 0;
    %flag_set/imm 4, 0;
    %store/reala v0000026a85383890, 4;
    %pushi/real 1220161164, 4068; load=4.54545
    %pushi/real 3592525, 4046; load=4.54545
    %add/wr;
    %ix/load 4, 72, 0;
    %flag_set/imm 4, 0;
    %store/reala v0000026a85383890, 4;
    %pushi/real 1274390549, 4068; load=4.74747
    %pushi/real 1529814, 4046; load=4.74747
    %add/wr;
    %ix/load 4, 73, 0;
    %flag_set/imm 4, 0;
    %store/reala v0000026a85383890, 4;
    %pushi/real 1328619933, 4068; load=4.94949
    %pushi/real 3661406, 4046; load=4.94949
    %add/wr;
    %ix/load 4, 74, 0;
    %flag_set/imm 4, 0;
    %store/reala v0000026a85383890, 4;
    %pushi/real 1382849318, 4068; load=5.15152
    %pushi/real 1598694, 4046; load=5.15152
    %add/wr;
    %ix/load 4, 75, 0;
    %flag_set/imm 4, 0;
    %store/reala v0000026a85383890, 4;
    %pushi/real 1437078702, 4068; load=5.35354
    %pushi/real 3730286, 4046; load=5.35354
    %add/wr;
    %ix/load 4, 76, 0;
    %flag_set/imm 4, 0;
    %store/reala v0000026a85383890, 4;
    %pushi/real 1491308090, 4068; load=5.55556
    %pushi/real 343662, 4046; load=5.55556
    %add/wr;
    %ix/load 4, 77, 0;
    %flag_set/imm 4, 0;
    %store/reala v0000026a85383890, 4;
    %pushi/real 1545537474, 4068; load=5.75758
    %pushi/real 2475254, 4046; load=5.75758
    %add/wr;
    %ix/load 4, 78, 0;
    %flag_set/imm 4, 0;
    %store/reala v0000026a85383890, 4;
    %pushi/real 1599766859, 4068; load=5.95960
    %pushi/real 412542, 4046; load=5.95960
    %add/wr;
    %ix/load 4, 79, 0;
    %flag_set/imm 4, 0;
    %store/reala v0000026a85383890, 4;
    %pushi/real 1653996243, 4068; load=6.16162
    %pushi/real 2544135, 4046; load=6.16162
    %add/wr;
    %ix/load 4, 80, 0;
    %flag_set/imm 4, 0;
    %store/reala v0000026a85383890, 4;
    %pushi/real 1708225628, 4068; load=6.36364
    %pushi/real 481423, 4046; load=6.36364
    %add/wr;
    %ix/load 4, 81, 0;
    %flag_set/imm 4, 0;
    %store/reala v0000026a85383890, 4;
    %pushi/real 1762455015, 4068; load=6.56566
    %pushi/real 1289102, 4046; load=6.56566
    %add/wr;
    %ix/load 4, 82, 0;
    %flag_set/imm 4, 0;
    %store/reala v0000026a85383890, 4;
    %pushi/real 1816684399, 4068; load=6.76768
    %pushi/real 3420694, 4046; load=6.76768
    %add/wr;
    %ix/load 4, 83, 0;
    %flag_set/imm 4, 0;
    %store/reala v0000026a85383890, 4;
    %pushi/real 1870913784, 4068; load=6.96970
    %pushi/real 1357983, 4046; load=6.96970
    %add/wr;
    %ix/load 4, 84, 0;
    %flag_set/imm 4, 0;
    %store/reala v0000026a85383890, 4;
    %pushi/real 1925143168, 4068; load=7.17172
    %pushi/real 3489575, 4046; load=7.17172
    %add/wr;
    %ix/load 4, 85, 0;
    %flag_set/imm 4, 0;
    %store/reala v0000026a85383890, 4;
    %pushi/real 1979372553, 4068; load=7.37374
    %pushi/real 1426863, 4046; load=7.37374
    %add/wr;
    %ix/load 4, 86, 0;
    %flag_set/imm 4, 0;
    %store/reala v0000026a85383890, 4;
    %pushi/real 2033601940, 4068; load=7.57576
    %pushi/real 2234543, 4046; load=7.57576
    %add/wr;
    %ix/load 4, 87, 0;
    %flag_set/imm 4, 0;
    %store/reala v0000026a85383890, 4;
    %pushi/real 2087831325, 4068; load=7.77778
    %pushi/real 171831, 4046; load=7.77778
    %add/wr;
    %ix/load 4, 88, 0;
    %flag_set/imm 4, 0;
    %store/reala v0000026a85383890, 4;
    %pushi/real 2142060709, 4068; load=7.97980
    %pushi/real 2303423, 4046; load=7.97980
    %add/wr;
    %ix/load 4, 89, 0;
    %flag_set/imm 4, 0;
    %store/reala v0000026a85383890, 4;
    %pushi/real 1098145047, 4069; load=8.18182
    %pushi/real 120356, 4047; load=8.18182
    %add/wr;
    %ix/load 4, 90, 0;
    %flag_set/imm 4, 0;
    %store/reala v0000026a85383890, 4;
    %pushi/real 1125259739, 4069; load=8.38384
    %pushi/real 1186152, 4047; load=8.38384
    %add/wr;
    %ix/load 4, 91, 0;
    %flag_set/imm 4, 0;
    %store/reala v0000026a85383890, 4;
    %pushi/real 1152374432, 4069; load=8.58586
    %pushi/real 3687144, 4047; load=8.58586
    %add/wr;
    %ix/load 4, 92, 0;
    %flag_set/imm 4, 0;
    %store/reala v0000026a85383890, 4;
    %pushi/real 1179489125, 4069; load=8.78788
    %pushi/real 558636, 4047; load=8.78788
    %add/wr;
    %ix/load 4, 93, 0;
    %flag_set/imm 4, 0;
    %store/reala v0000026a85383890, 4;
    %pushi/real 1206603817, 4069; load=8.98990
    %pushi/real 1624432, 4047; load=8.98990
    %add/wr;
    %ix/load 4, 94, 0;
    %flag_set/imm 4, 0;
    %store/reala v0000026a85383890, 4;
    %pushi/real 1233718509, 4069; load=9.19192
    %pushi/real 2690228, 4047; load=9.19192
    %add/wr;
    %ix/load 4, 95, 0;
    %flag_set/imm 4, 0;
    %store/reala v0000026a85383890, 4;
    %pushi/real 1260833201, 4069; load=9.39394
    %pushi/real 3756024, 4047; load=9.39394
    %add/wr;
    %ix/load 4, 96, 0;
    %flag_set/imm 4, 0;
    %store/reala v0000026a85383890, 4;
    %pushi/real 1287947895, 4069; load=9.59596
    %pushi/real 2062712, 4047; load=9.59596
    %add/wr;
    %ix/load 4, 97, 0;
    %flag_set/imm 4, 0;
    %store/reala v0000026a85383890, 4;
    %pushi/real 1315062587, 4069; load=9.79798
    %pushi/real 3128508, 4047; load=9.79798
    %add/wr;
    %ix/load 4, 98, 0;
    %flag_set/imm 4, 0;
    %store/reala v0000026a85383890, 4;
    %pushi/real 1342177280, 4069; load=10.0000
    %ix/load 4, 99, 0;
    %flag_set/imm 4, 0;
    %store/reala v0000026a85383890, 4;
    %pushi/vec4 0, 0, 1;
    %store/vec4 v0000026a85382060_0, 0, 1;
    %pushi/vec4 0, 0, 1;
    %store/vec4 v0000026a85382240_0, 0, 1;
    %pushi/vec4 0, 0, 1;
    %store/vec4 v0000026a853822e0_0, 0, 1;
    %pushi/vec4 0, 0, 16;
    %store/vec4 v0000026a853815c0_0, 0, 16;
    %pushi/vec4 0, 0, 16;
    %store/vec4 v0000026a85384150_0, 0, 16;
    %delay 20000, 0;
    %pushi/vec4 1, 0, 1;
    %store/vec4 v0000026a85382240_0, 0, 1;
    %vpi_call 2 116 "$display", "----------------------------------------------------------------" {0 0 0};
    %vpi_call 2 117 "$display", "|   Input X (Real)  | Lane |  HW Output Y (Real) |  Hex Output |" {0 0 0};
    %vpi_call 2 118 "$display", "----------------------------------------------------------------" {0 0 0};
    %pushi/vec4 0, 0, 32;
    %store/vec4 v0000026a85381ac0_0, 0, 32;
T_7.0 ;
    %load/vec4 v0000026a85381ac0_0;
    %cmpi/s 100, 0, 32;
    %jmp/0xz T_7.1, 5;
    %wait E_0000026a8531a2f0;
    %pushi/vec4 1, 0, 1;
    %store/vec4 v0000026a853822e0_0, 0, 1;
    %ix/getv/s 4, v0000026a85381ac0_0;
    %load/ar v0000026a85383890, 4;
    %store/real v0000026a85323db0_0;
    %callf/vec4 TD_sigmoid7slices_tb.to_fixed, S_0000026a85326da0;
    %store/vec4 v0000026a853815c0_0, 0, 16;
    %load/vec4 v0000026a85381ac0_0;
    %addi 1, 0, 32;
    %cmpi/s 100, 0, 32;
    %jmp/0xz  T_7.2, 5;
    %load/vec4 v0000026a85381ac0_0;
    %addi 1, 0, 32;
    %ix/vec4/s 4;
    %load/ar v0000026a85383890, 4;
    %store/real v0000026a85323db0_0;
    %callf/vec4 TD_sigmoid7slices_tb.to_fixed, S_0000026a85326da0;
    %store/vec4 v0000026a85384150_0, 0, 16;
    %jmp T_7.3;
T_7.2 ;
    %pushi/vec4 0, 0, 16;
    %store/vec4 v0000026a85384150_0, 0, 16;
T_7.3 ;
    %load/vec4 v0000026a85381ac0_0;
    %addi 2, 0, 32;
    %store/vec4 v0000026a85381ac0_0, 0, 32;
    %jmp T_7.0;
T_7.1 ;
    %wait E_0000026a8531a2f0;
    %pushi/vec4 0, 0, 1;
    %store/vec4 v0000026a853822e0_0, 0, 1;
    %delay 100000, 0;
    %vpi_call 2 143 "$finish" {0 0 0};
    %end;
    .thread T_7;
    .scope S_0000026a85326c10;
T_8 ;
    %wait E_0000026a8531a2f0;
    %load/vec4 v0000026a85382380_0;
    %flag_set/vec4 8;
    %jmp/0xz  T_8.0, 8;
    %load/vec4 v0000026a85383ed0_0;
    %store/vec4 v0000026a8547bf40_0, 0, 16;
    %callf/real TD_sigmoid7slices_tb.to_real, S_0000026a852f31f0;
    %vpi_call 2 154 "$display", "| %17.8f |  0   | %19.8f |     %h  |", &A<v0000026a85383890, v0000026a85381fc0_0 >, W<0,r>, v0000026a85383ed0_0 {0 1 0};
    %load/vec4 v0000026a85381fc0_0;
    %addi 1, 0, 32;
    %ix/vec4/s 4;
    %load/ar v0000026a85383890, 4;
    %load/vec4 v0000026a85383250_0;
    %store/vec4 v0000026a8547bf40_0, 0, 16;
    %callf/real TD_sigmoid7slices_tb.to_real, S_0000026a852f31f0;
    %vpi_call 2 158 "$display", "| %17.8f |  1   | %19.8f |     %h  |", W<1,r>, W<0,r>, v0000026a85383250_0 {0 2 0};
    %load/vec4 v0000026a85381fc0_0;
    %addi 2, 0, 32;
    %store/vec4 v0000026a85381fc0_0, 0, 32;
T_8.0 ;
    %jmp T_8;
    .thread T_8;
# The file index is used to find the file name in the following table.
:file_names 4;
    "N/A";
    "<interactive>";
    "sigmoid7slices_tb.v";
    "./sigmoid7slices.v";
